2024-05-12T12:07:10.043+06:30  INFO 42007 --- [EduVerse] [restartedMain] d.backend.eduverse.EduverseApplication   : Starting EduverseApplication using Java 21.0.2 with PID 42007 (/Users/kyawzinthant/Documents/Java Project/EduVerse/eduverse/target/classes started by kyawzinthant in /Users/kyawzinthant/Documents/Java Project/EduVerse)
2024-05-12T12:07:10.044+06:30 DEBUG 42007 --- [EduVerse] [restartedMain] d.backend.eduverse.EduverseApplication   : Running with Spring Boot v3.2.5, Spring v6.1.6
2024-05-12T12:07:10.044+06:30  INFO 42007 --- [EduVerse] [restartedMain] d.backend.eduverse.EduverseApplication   : The following 1 profile is active: "dev"
2024-05-12T12:07:13.775+06:30  INFO 42007 --- [EduVerse] [restartedMain] d.backend.eduverse.EduverseApplication   : Started EduverseApplication in 4.022 seconds (process running for 4.353)
2024-05-12T12:10:22.354+06:30  INFO 42007 --- [EduVerse] [http-nio-8080-exec-7] d.b.e.service.impl.CategoryServiceImpl   : Creating Category
2024-05-12T12:10:22.400+06:30  INFO 42007 --- [EduVerse] [http-nio-8080-exec-7] d.b.e.service.impl.CategoryServiceImpl   : Success created category
2024-05-12T12:10:45.140+06:30  INFO 42130 --- [EduVerse] [restartedMain] d.backend.eduverse.EduverseApplication   : Starting EduverseApplication using Java 21.0.2 with PID 42130 (/Users/kyawzinthant/Documents/Java Project/EduVerse/eduverse/target/classes started by kyawzinthant in /Users/kyawzinthant/Documents/Java Project/EduVerse)
2024-05-12T12:10:45.141+06:30 DEBUG 42130 --- [EduVerse] [restartedMain] d.backend.eduverse.EduverseApplication   : Running with Spring Boot v3.2.5, Spring v6.1.6
2024-05-12T12:10:45.142+06:30  INFO 42130 --- [EduVerse] [restartedMain] d.backend.eduverse.EduverseApplication   : The following 1 profile is active: "dev"
2024-05-12T12:10:49.432+06:30  INFO 42130 --- [EduVerse] [restartedMain] d.backend.eduverse.EduverseApplication   : Started EduverseApplication in 4.859 seconds (process running for 5.335)
2024-05-12T12:11:08.720+06:30  INFO 42130 --- [EduVerse] [http-nio-8080-exec-6] d.b.e.service.impl.CategoryServiceImpl   : Creating Category
2024-05-12T12:16:40.509+06:30  INFO 42130 --- [EduVerse] [http-nio-8080-exec-9] d.b.e.service.impl.CategoryServiceImpl   : category ID to delete :
2024-05-12T12:16:40.550+06:30  INFO 42130 --- [EduVerse] [http-nio-8080-exec-9] d.b.e.service.impl.CategoryServiceImpl   : Category Delete successfully
2024-05-12T12:17:36.781+06:30  INFO 42130 --- [EduVerse] [http-nio-8080-exec-6] d.b.e.service.impl.CategoryServiceImpl   : Creating Category
2024-05-12T12:18:09.403+06:30  INFO 42130 --- [EduVerse] [http-nio-8080-exec-7] d.b.e.service.impl.PathwayServiceImpl    : Entering the creation process
2024-05-12T12:18:09.423+06:30  INFO 42130 --- [EduVerse] [http-nio-8080-exec-7] d.b.e.service.impl.PathwayServiceImpl    : Pathway created successfully
2024-05-12T12:18:11.013+06:30  INFO 42130 --- [EduVerse] [http-nio-8080-exec-8] d.b.e.service.impl.PathwayServiceImpl    : Entering the creation process
2024-05-12T12:18:11.018+06:30  INFO 42130 --- [EduVerse] [http-nio-8080-exec-8] d.b.e.service.impl.PathwayServiceImpl    : Pathway created successfully
2024-05-12T12:19:01.205+06:30  INFO 42130 --- [EduVerse] [http-nio-8080-exec-9] d.b.e.service.impl.PathwayServiceImpl    : Entering the creation process
2024-05-12T12:19:01.212+06:30  INFO 42130 --- [EduVerse] [http-nio-8080-exec-9] d.b.e.service.impl.PathwayServiceImpl    : Pathway created successfully
2024-05-12T12:19:13.902+06:30  INFO 42130 --- [EduVerse] [http-nio-8080-exec-10] d.b.e.service.impl.CategoryServiceImpl   : Creating Category
2024-05-12T12:19:13.945+06:30  INFO 42130 --- [EduVerse] [http-nio-8080-exec-10] d.b.e.service.impl.CategoryServiceImpl   : Success created category
2024-05-12T12:19:27.149+06:30  INFO 42130 --- [EduVerse] [http-nio-8080-exec-1] d.b.e.service.impl.CategoryServiceImpl   : Creating Category
2024-05-12T12:19:27.170+06:30  INFO 42130 --- [EduVerse] [http-nio-8080-exec-1] d.b.e.service.impl.CategoryServiceImpl   : Success created category
2024-05-12T12:23:13.563+06:30  INFO 42733 --- [EduVerse] [restartedMain] d.backend.eduverse.EduverseApplication   : Starting EduverseApplication using Java 21.0.2 with PID 42733 (/Users/kyawzinthant/Documents/Java Project/EduVerse/eduverse/target/classes started by kyawzinthant in /Users/kyawzinthant/Documents/Java Project/EduVerse)
2024-05-12T12:23:13.564+06:30 DEBUG 42733 --- [EduVerse] [restartedMain] d.backend.eduverse.EduverseApplication   : Running with Spring Boot v3.2.5, Spring v6.1.6
2024-05-12T12:23:13.565+06:30  INFO 42733 --- [EduVerse] [restartedMain] d.backend.eduverse.EduverseApplication   : The following 1 profile is active: "dev"
2024-05-12T12:23:17.345+06:30  INFO 42733 --- [EduVerse] [restartedMain] d.backend.eduverse.EduverseApplication   : Started EduverseApplication in 4.081 seconds (process running for 4.415)
2024-05-12T15:39:31.331+02:00  INFO 1246 --- [EduVerse] [restartedMain] d.backend.eduverse.EduverseApplication   : Starting EduverseApplication using Java 22 with PID 1246 (/Users/swanhtetmac/intern/Dev07/eduverse/target/classes started by swanhtetmac in /Users/swanhtetmac/intern/Dev07)
2024-05-12T15:39:31.333+02:00 DEBUG 1246 --- [EduVerse] [restartedMain] d.backend.eduverse.EduverseApplication   : Running with Spring Boot v3.2.5, Spring v6.1.6
2024-05-12T15:39:31.334+02:00  INFO 1246 --- [EduVerse] [restartedMain] d.backend.eduverse.EduverseApplication   : The following 1 profile is active: "dev"
2024-05-12T15:39:36.202+02:00  INFO 1246 --- [EduVerse] [restartedMain] d.backend.eduverse.EduverseApplication   : Started EduverseApplication in 5.385 seconds (process running for 6.401)
2024-05-12T16:31:53.942+02:00  INFO 2020 --- [EduVerse] [restartedMain] d.backend.eduverse.EduverseApplication   : Starting EduverseApplication using Java 22 with PID 2020 (/Users/swanhtetmac/intern/Dev07/eduverse/target/classes started by swanhtetmac in /Users/swanhtetmac/intern/Dev07)
2024-05-12T16:31:53.943+02:00 DEBUG 2020 --- [EduVerse] [restartedMain] d.backend.eduverse.EduverseApplication   : Running with Spring Boot v3.2.5, Spring v6.1.6
2024-05-12T16:31:53.944+02:00  INFO 2020 --- [EduVerse] [restartedMain] d.backend.eduverse.EduverseApplication   : The following 1 profile is active: "dev"
2024-05-12T16:31:58.748+02:00  INFO 2020 --- [EduVerse] [restartedMain] d.backend.eduverse.EduverseApplication   : Started EduverseApplication in 5.691 seconds (process running for 7.059)
2024-05-12T16:32:11.516+02:00  INFO 2020 --- [EduVerse] [http-nio-8080-exec-7] d.b.e.service.impl.UserServiceImpl       : Entering the read process
2024-05-12T16:32:11.634+02:00  INFO 2020 --- [EduVerse] [http-nio-8080-exec-7] d.b.e.service.impl.UserServiceImpl       : Retrieved users: [dev.backend.eduverse.model.User@3bd46f2c]
2024-05-12T16:32:11.636+02:00  INFO 2020 --- [EduVerse] [http-nio-8080-exec-7] d.b.e.service.impl.UserServiceImpl       : Mapped UserDTO: UserDTO(name=Emily Brown, email=emilybrown@example.com, password=Private Credential Cannot be accessed, phoneNumber=999 888 7777, age=25, dob=1999-11-20, gender=Female, address=567 Pine Street)
2024-05-12T16:32:33.080+02:00  INFO 2020 --- [EduVerse] [http-nio-8080-exec-9] d.b.e.service.impl.UserServiceImpl       : Entering the creation process
2024-05-12T16:32:33.142+02:00  INFO 2020 --- [EduVerse] [http-nio-8080-exec-9] d.b.e.service.impl.UserServiceImpl       : User created successfully
2024-05-12T16:33:16.457+02:00  INFO 2020 --- [EduVerse] [restartedMain] d.backend.eduverse.EduverseApplication   : Starting EduverseApplication using Java 22 with PID 2020 (/Users/swanhtetmac/intern/Dev07/eduverse/target/classes started by swanhtetmac in /Users/swanhtetmac/intern/Dev07)
2024-05-12T16:33:16.458+02:00 DEBUG 2020 --- [EduVerse] [restartedMain] d.backend.eduverse.EduverseApplication   : Running with Spring Boot v3.2.5, Spring v6.1.6
2024-05-12T16:33:16.458+02:00  INFO 2020 --- [EduVerse] [restartedMain] d.backend.eduverse.EduverseApplication   : The following 1 profile is active: "dev"
2024-05-12T16:33:19.499+02:00  INFO 2020 --- [EduVerse] [restartedMain] d.backend.eduverse.EduverseApplication   : Started EduverseApplication in 3.083 seconds (process running for 87.813)
2024-05-12T16:33:21.026+02:00  INFO 2020 --- [EduVerse] [restartedMain] d.backend.eduverse.EduverseApplication   : Starting EduverseApplication using Java 22 with PID 2020 (/Users/swanhtetmac/intern/Dev07/eduverse/target/classes started by swanhtetmac in /Users/swanhtetmac/intern/Dev07)
2024-05-12T16:33:21.026+02:00 DEBUG 2020 --- [EduVerse] [restartedMain] d.backend.eduverse.EduverseApplication   : Running with Spring Boot v3.2.5, Spring v6.1.6
2024-05-12T16:33:21.026+02:00  INFO 2020 --- [EduVerse] [restartedMain] d.backend.eduverse.EduverseApplication   : The following 1 profile is active: "dev"
2024-05-12T16:33:22.059+02:00 ERROR 2020 --- [EduVerse] [restartedMain] o.s.boot.SpringApplication               : Application run failed

org.springframework.beans.factory.BeanCreationException: Error creating bean with name 'requestMappingHandlerMapping' defined in class path resource [org/springframework/boot/autoconfigure/web/servlet/WebMvcAutoConfiguration$EnableWebMvcConfiguration.class]: Ambiguous mapping. Cannot map 'userController' method 
dev.backend.eduverse.controller.UserController#readUserIdByEmail(String)
to {GET [/api/users/{email}]}: There is already 'userController' bean method
dev.backend.eduverse.controller.UserController#readUserByEmail(String) mapped.
	at org.springframework.beans.factory.support.AbstractAutowireCapableBeanFactory.initializeBean(AbstractAutowireCapableBeanFactory.java:1786) ~[spring-beans-6.1.6.jar:6.1.6]
	at org.springframework.beans.factory.support.AbstractAutowireCapableBeanFactory.doCreateBean(AbstractAutowireCapableBeanFactory.java:600) ~[spring-beans-6.1.6.jar:6.1.6]
	at org.springframework.beans.factory.support.AbstractAutowireCapableBeanFactory.createBean(AbstractAutowireCapableBeanFactory.java:522) ~[spring-beans-6.1.6.jar:6.1.6]
	at org.springframework.beans.factory.support.AbstractBeanFactory.lambda$doGetBean$0(AbstractBeanFactory.java:326) ~[spring-beans-6.1.6.jar:6.1.6]
	at org.springframework.beans.factory.support.DefaultSingletonBeanRegistry.getSingleton(DefaultSingletonBeanRegistry.java:234) ~[spring-beans-6.1.6.jar:6.1.6]
	at org.springframework.beans.factory.support.AbstractBeanFactory.doGetBean(AbstractBeanFactory.java:324) ~[spring-beans-6.1.6.jar:6.1.6]
	at org.springframework.beans.factory.support.AbstractBeanFactory.getBean(AbstractBeanFactory.java:200) ~[spring-beans-6.1.6.jar:6.1.6]
	at org.springframework.beans.factory.support.DefaultListableBeanFactory.preInstantiateSingletons(DefaultListableBeanFactory.java:975) ~[spring-beans-6.1.6.jar:6.1.6]
	at org.springframework.context.support.AbstractApplicationContext.finishBeanFactoryInitialization(AbstractApplicationContext.java:962) ~[spring-context-6.1.6.jar:6.1.6]
	at org.springframework.context.support.AbstractApplicationContext.refresh(AbstractApplicationContext.java:624) ~[spring-context-6.1.6.jar:6.1.6]
	at org.springframework.boot.web.servlet.context.ServletWebServerApplicationContext.refresh(ServletWebServerApplicationContext.java:146) ~[spring-boot-3.2.5.jar:3.2.5]
	at org.springframework.boot.SpringApplication.refresh(SpringApplication.java:754) ~[spring-boot-3.2.5.jar:3.2.5]
	at org.springframework.boot.SpringApplication.refreshContext(SpringApplication.java:456) ~[spring-boot-3.2.5.jar:3.2.5]
	at org.springframework.boot.SpringApplication.run(SpringApplication.java:334) ~[spring-boot-3.2.5.jar:3.2.5]
	at org.springframework.boot.SpringApplication.run(SpringApplication.java:1354) ~[spring-boot-3.2.5.jar:3.2.5]
	at org.springframework.boot.SpringApplication.run(SpringApplication.java:1343) ~[spring-boot-3.2.5.jar:3.2.5]
	at dev.backend.eduverse.EduverseApplication.main(EduverseApplication.java:10) ~[classes/:na]
	at java.base/jdk.internal.reflect.DirectMethodHandleAccessor.invoke(DirectMethodHandleAccessor.java:103) ~[na:na]
	at java.base/java.lang.reflect.Method.invoke(Method.java:580) ~[na:na]
	at org.springframework.boot.devtools.restart.RestartLauncher.run(RestartLauncher.java:50) ~[spring-boot-devtools-3.2.5.jar:3.2.5]
Caused by: java.lang.IllegalStateException: Ambiguous mapping. Cannot map 'userController' method 
dev.backend.eduverse.controller.UserController#readUserIdByEmail(String)
to {GET [/api/users/{email}]}: There is already 'userController' bean method
dev.backend.eduverse.controller.UserController#readUserByEmail(String) mapped.
	at org.springframework.web.servlet.handler.AbstractHandlerMethodMapping$MappingRegistry.validateMethodMapping(AbstractHandlerMethodMapping.java:674) ~[spring-webmvc-6.1.6.jar:6.1.6]
	at org.springframework.web.servlet.handler.AbstractHandlerMethodMapping$MappingRegistry.register(AbstractHandlerMethodMapping.java:636) ~[spring-webmvc-6.1.6.jar:6.1.6]
	at org.springframework.web.servlet.handler.AbstractHandlerMethodMapping.registerHandlerMethod(AbstractHandlerMethodMapping.java:331) ~[spring-webmvc-6.1.6.jar:6.1.6]
	at org.springframework.web.servlet.mvc.method.annotation.RequestMappingHandlerMapping.registerHandlerMethod(RequestMappingHandlerMapping.java:508) ~[spring-webmvc-6.1.6.jar:6.1.6]
	at org.springframework.web.servlet.mvc.method.annotation.RequestMappingHandlerMapping.registerHandlerMethod(RequestMappingHandlerMapping.java:84) ~[spring-webmvc-6.1.6.jar:6.1.6]
	at org.springframework.web.servlet.handler.AbstractHandlerMethodMapping.lambda$detectHandlerMethods$2(AbstractHandlerMethodMapping.java:298) ~[spring-webmvc-6.1.6.jar:6.1.6]
	at java.base/java.util.LinkedHashMap.forEach(LinkedHashMap.java:986) ~[na:na]
	at org.springframework.web.servlet.handler.AbstractHandlerMethodMapping.detectHandlerMethods(AbstractHandlerMethodMapping.java:296) ~[spring-webmvc-6.1.6.jar:6.1.6]
	at org.springframework.web.servlet.handler.AbstractHandlerMethodMapping.processCandidateBean(AbstractHandlerMethodMapping.java:265) ~[spring-webmvc-6.1.6.jar:6.1.6]
	at org.springframework.web.servlet.handler.AbstractHandlerMethodMapping.initHandlerMethods(AbstractHandlerMethodMapping.java:224) ~[spring-webmvc-6.1.6.jar:6.1.6]
	at org.springframework.web.servlet.handler.AbstractHandlerMethodMapping.afterPropertiesSet(AbstractHandlerMethodMapping.java:212) ~[spring-webmvc-6.1.6.jar:6.1.6]
	at org.springframework.web.servlet.mvc.method.annotation.RequestMappingHandlerMapping.afterPropertiesSet(RequestMappingHandlerMapping.java:239) ~[spring-webmvc-6.1.6.jar:6.1.6]
	at org.springframework.beans.factory.support.AbstractAutowireCapableBeanFactory.invokeInitMethods(AbstractAutowireCapableBeanFactory.java:1833) ~[spring-beans-6.1.6.jar:6.1.6]
	at org.springframework.beans.factory.support.AbstractAutowireCapableBeanFactory.initializeBean(AbstractAutowireCapableBeanFactory.java:1782) ~[spring-beans-6.1.6.jar:6.1.6]
	... 19 common frames omitted

2024-05-12T16:34:09.180+02:00  INFO 2020 --- [EduVerse] [restartedMain] d.backend.eduverse.EduverseApplication   : Starting EduverseApplication using Java 22 with PID 2020 (/Users/swanhtetmac/intern/Dev07/eduverse/target/classes started by swanhtetmac in /Users/swanhtetmac/intern/Dev07)
2024-05-12T16:34:09.181+02:00 DEBUG 2020 --- [EduVerse] [restartedMain] d.backend.eduverse.EduverseApplication   : Running with Spring Boot v3.2.5, Spring v6.1.6
2024-05-12T16:34:09.182+02:00  INFO 2020 --- [EduVerse] [restartedMain] d.backend.eduverse.EduverseApplication   : The following 1 profile is active: "dev"
2024-05-12T16:34:11.972+02:00  INFO 2020 --- [EduVerse] [restartedMain] d.backend.eduverse.EduverseApplication   : Started EduverseApplication in 2.854 seconds (process running for 140.288)
2024-05-12T16:35:28.257+02:00  INFO 2133 --- [EduVerse] [restartedMain] d.backend.eduverse.EduverseApplication   : Starting EduverseApplication using Java 22 with PID 2133 (/Users/swanhtetmac/intern/Dev07/eduverse/target/classes started by swanhtetmac in /Users/swanhtetmac/intern/Dev07)
2024-05-12T16:35:28.259+02:00 DEBUG 2133 --- [EduVerse] [restartedMain] d.backend.eduverse.EduverseApplication   : Running with Spring Boot v3.2.5, Spring v6.1.6
2024-05-12T16:35:28.260+02:00  INFO 2133 --- [EduVerse] [restartedMain] d.backend.eduverse.EduverseApplication   : The following 1 profile is active: "dev"
2024-05-12T16:35:33.419+02:00 ERROR 2133 --- [EduVerse] [restartedMain] o.s.boot.SpringApplication               : Application run failed

org.springframework.beans.factory.BeanCreationException: Error creating bean with name 'requestMappingHandlerMapping' defined in class path resource [org/springframework/boot/autoconfigure/web/servlet/WebMvcAutoConfiguration$EnableWebMvcConfiguration.class]: Ambiguous mapping. Cannot map 'userController' method 
dev.backend.eduverse.controller.UserController#readUserIdByEmail(String)
to {GET [/api/users/]}: There is already 'userController' bean method
dev.backend.eduverse.controller.UserController#readUsers() mapped.
	at org.springframework.beans.factory.support.AbstractAutowireCapableBeanFactory.initializeBean(AbstractAutowireCapableBeanFactory.java:1786) ~[spring-beans-6.1.6.jar:6.1.6]
	at org.springframework.beans.factory.support.AbstractAutowireCapableBeanFactory.doCreateBean(AbstractAutowireCapableBeanFactory.java:600) ~[spring-beans-6.1.6.jar:6.1.6]
	at org.springframework.beans.factory.support.AbstractAutowireCapableBeanFactory.createBean(AbstractAutowireCapableBeanFactory.java:522) ~[spring-beans-6.1.6.jar:6.1.6]
	at org.springframework.beans.factory.support.AbstractBeanFactory.lambda$doGetBean$0(AbstractBeanFactory.java:326) ~[spring-beans-6.1.6.jar:6.1.6]
	at org.springframework.beans.factory.support.DefaultSingletonBeanRegistry.getSingleton(DefaultSingletonBeanRegistry.java:234) ~[spring-beans-6.1.6.jar:6.1.6]
	at org.springframework.beans.factory.support.AbstractBeanFactory.doGetBean(AbstractBeanFactory.java:324) ~[spring-beans-6.1.6.jar:6.1.6]
	at org.springframework.beans.factory.support.AbstractBeanFactory.getBean(AbstractBeanFactory.java:200) ~[spring-beans-6.1.6.jar:6.1.6]
	at org.springframework.beans.factory.support.DefaultListableBeanFactory.preInstantiateSingletons(DefaultListableBeanFactory.java:975) ~[spring-beans-6.1.6.jar:6.1.6]
	at org.springframework.context.support.AbstractApplicationContext.finishBeanFactoryInitialization(AbstractApplicationContext.java:962) ~[spring-context-6.1.6.jar:6.1.6]
	at org.springframework.context.support.AbstractApplicationContext.refresh(AbstractApplicationContext.java:624) ~[spring-context-6.1.6.jar:6.1.6]
	at org.springframework.boot.web.servlet.context.ServletWebServerApplicationContext.refresh(ServletWebServerApplicationContext.java:146) ~[spring-boot-3.2.5.jar:3.2.5]
	at org.springframework.boot.SpringApplication.refresh(SpringApplication.java:754) ~[spring-boot-3.2.5.jar:3.2.5]
	at org.springframework.boot.SpringApplication.refreshContext(SpringApplication.java:456) ~[spring-boot-3.2.5.jar:3.2.5]
	at org.springframework.boot.SpringApplication.run(SpringApplication.java:334) ~[spring-boot-3.2.5.jar:3.2.5]
	at org.springframework.boot.SpringApplication.run(SpringApplication.java:1354) ~[spring-boot-3.2.5.jar:3.2.5]
	at org.springframework.boot.SpringApplication.run(SpringApplication.java:1343) ~[spring-boot-3.2.5.jar:3.2.5]
	at dev.backend.eduverse.EduverseApplication.main(EduverseApplication.java:10) ~[classes/:na]
	at java.base/jdk.internal.reflect.DirectMethodHandleAccessor.invoke(DirectMethodHandleAccessor.java:103) ~[na:na]
	at java.base/java.lang.reflect.Method.invoke(Method.java:580) ~[na:na]
	at org.springframework.boot.devtools.restart.RestartLauncher.run(RestartLauncher.java:50) ~[spring-boot-devtools-3.2.5.jar:3.2.5]
Caused by: java.lang.IllegalStateException: Ambiguous mapping. Cannot map 'userController' method 
dev.backend.eduverse.controller.UserController#readUserIdByEmail(String)
to {GET [/api/users/]}: There is already 'userController' bean method
dev.backend.eduverse.controller.UserController#readUsers() mapped.
	at org.springframework.web.servlet.handler.AbstractHandlerMethodMapping$MappingRegistry.validateMethodMapping(AbstractHandlerMethodMapping.java:674) ~[spring-webmvc-6.1.6.jar:6.1.6]
	at org.springframework.web.servlet.handler.AbstractHandlerMethodMapping$MappingRegistry.register(AbstractHandlerMethodMapping.java:636) ~[spring-webmvc-6.1.6.jar:6.1.6]
	at org.springframework.web.servlet.handler.AbstractHandlerMethodMapping.registerHandlerMethod(AbstractHandlerMethodMapping.java:331) ~[spring-webmvc-6.1.6.jar:6.1.6]
	at org.springframework.web.servlet.mvc.method.annotation.RequestMappingHandlerMapping.registerHandlerMethod(RequestMappingHandlerMapping.java:508) ~[spring-webmvc-6.1.6.jar:6.1.6]
	at org.springframework.web.servlet.mvc.method.annotation.RequestMappingHandlerMapping.registerHandlerMethod(RequestMappingHandlerMapping.java:84) ~[spring-webmvc-6.1.6.jar:6.1.6]
	at org.springframework.web.servlet.handler.AbstractHandlerMethodMapping.lambda$detectHandlerMethods$2(AbstractHandlerMethodMapping.java:298) ~[spring-webmvc-6.1.6.jar:6.1.6]
	at java.base/java.util.LinkedHashMap.forEach(LinkedHashMap.java:986) ~[na:na]
	at org.springframework.web.servlet.handler.AbstractHandlerMethodMapping.detectHandlerMethods(AbstractHandlerMethodMapping.java:296) ~[spring-webmvc-6.1.6.jar:6.1.6]
	at org.springframework.web.servlet.handler.AbstractHandlerMethodMapping.processCandidateBean(AbstractHandlerMethodMapping.java:265) ~[spring-webmvc-6.1.6.jar:6.1.6]
	at org.springframework.web.servlet.handler.AbstractHandlerMethodMapping.initHandlerMethods(AbstractHandlerMethodMapping.java:224) ~[spring-webmvc-6.1.6.jar:6.1.6]
	at org.springframework.web.servlet.handler.AbstractHandlerMethodMapping.afterPropertiesSet(AbstractHandlerMethodMapping.java:212) ~[spring-webmvc-6.1.6.jar:6.1.6]
	at org.springframework.web.servlet.mvc.method.annotation.RequestMappingHandlerMapping.afterPropertiesSet(RequestMappingHandlerMapping.java:239) ~[spring-webmvc-6.1.6.jar:6.1.6]
	at org.springframework.beans.factory.support.AbstractAutowireCapableBeanFactory.invokeInitMethods(AbstractAutowireCapableBeanFactory.java:1833) ~[spring-beans-6.1.6.jar:6.1.6]
	at org.springframework.beans.factory.support.AbstractAutowireCapableBeanFactory.initializeBean(AbstractAutowireCapableBeanFactory.java:1782) ~[spring-beans-6.1.6.jar:6.1.6]
	... 19 common frames omitted

2024-05-12T16:35:38.061+02:00  INFO 2149 --- [EduVerse] [restartedMain] d.backend.eduverse.EduverseApplication   : Starting EduverseApplication using Java 22 with PID 2149 (/Users/swanhtetmac/intern/Dev07/eduverse/target/classes started by swanhtetmac in /Users/swanhtetmac/intern/Dev07)
2024-05-12T16:35:38.063+02:00 DEBUG 2149 --- [EduVerse] [restartedMain] d.backend.eduverse.EduverseApplication   : Running with Spring Boot v3.2.5, Spring v6.1.6
2024-05-12T16:35:38.064+02:00  INFO 2149 --- [EduVerse] [restartedMain] d.backend.eduverse.EduverseApplication   : The following 1 profile is active: "dev"
2024-05-12T16:35:42.239+02:00 ERROR 2149 --- [EduVerse] [restartedMain] o.s.boot.SpringApplication               : Application run failed

org.springframework.beans.factory.BeanCreationException: Error creating bean with name 'requestMappingHandlerMapping' defined in class path resource [org/springframework/boot/autoconfigure/web/servlet/WebMvcAutoConfiguration$EnableWebMvcConfiguration.class]: Ambiguous mapping. Cannot map 'userController' method 
dev.backend.eduverse.controller.UserController#readUsers()
to {GET [/api/users/]}: There is already 'userController' bean method
dev.backend.eduverse.controller.UserController#readUserIdByEmail(String) mapped.
	at org.springframework.beans.factory.support.AbstractAutowireCapableBeanFactory.initializeBean(AbstractAutowireCapableBeanFactory.java:1786) ~[spring-beans-6.1.6.jar:6.1.6]
	at org.springframework.beans.factory.support.AbstractAutowireCapableBeanFactory.doCreateBean(AbstractAutowireCapableBeanFactory.java:600) ~[spring-beans-6.1.6.jar:6.1.6]
	at org.springframework.beans.factory.support.AbstractAutowireCapableBeanFactory.createBean(AbstractAutowireCapableBeanFactory.java:522) ~[spring-beans-6.1.6.jar:6.1.6]
	at org.springframework.beans.factory.support.AbstractBeanFactory.lambda$doGetBean$0(AbstractBeanFactory.java:326) ~[spring-beans-6.1.6.jar:6.1.6]
	at org.springframework.beans.factory.support.DefaultSingletonBeanRegistry.getSingleton(DefaultSingletonBeanRegistry.java:234) ~[spring-beans-6.1.6.jar:6.1.6]
	at org.springframework.beans.factory.support.AbstractBeanFactory.doGetBean(AbstractBeanFactory.java:324) ~[spring-beans-6.1.6.jar:6.1.6]
	at org.springframework.beans.factory.support.AbstractBeanFactory.getBean(AbstractBeanFactory.java:200) ~[spring-beans-6.1.6.jar:6.1.6]
	at org.springframework.beans.factory.support.DefaultListableBeanFactory.preInstantiateSingletons(DefaultListableBeanFactory.java:975) ~[spring-beans-6.1.6.jar:6.1.6]
	at org.springframework.context.support.AbstractApplicationContext.finishBeanFactoryInitialization(AbstractApplicationContext.java:962) ~[spring-context-6.1.6.jar:6.1.6]
	at org.springframework.context.support.AbstractApplicationContext.refresh(AbstractApplicationContext.java:624) ~[spring-context-6.1.6.jar:6.1.6]
	at org.springframework.boot.web.servlet.context.ServletWebServerApplicationContext.refresh(ServletWebServerApplicationContext.java:146) ~[spring-boot-3.2.5.jar:3.2.5]
	at org.springframework.boot.SpringApplication.refresh(SpringApplication.java:754) ~[spring-boot-3.2.5.jar:3.2.5]
	at org.springframework.boot.SpringApplication.refreshContext(SpringApplication.java:456) ~[spring-boot-3.2.5.jar:3.2.5]
	at org.springframework.boot.SpringApplication.run(SpringApplication.java:334) ~[spring-boot-3.2.5.jar:3.2.5]
	at org.springframework.boot.SpringApplication.run(SpringApplication.java:1354) ~[spring-boot-3.2.5.jar:3.2.5]
	at org.springframework.boot.SpringApplication.run(SpringApplication.java:1343) ~[spring-boot-3.2.5.jar:3.2.5]
	at dev.backend.eduverse.EduverseApplication.main(EduverseApplication.java:10) ~[classes/:na]
	at java.base/jdk.internal.reflect.DirectMethodHandleAccessor.invoke(DirectMethodHandleAccessor.java:103) ~[na:na]
	at java.base/java.lang.reflect.Method.invoke(Method.java:580) ~[na:na]
	at org.springframework.boot.devtools.restart.RestartLauncher.run(RestartLauncher.java:50) ~[spring-boot-devtools-3.2.5.jar:3.2.5]
Caused by: java.lang.IllegalStateException: Ambiguous mapping. Cannot map 'userController' method 
dev.backend.eduverse.controller.UserController#readUsers()
to {GET [/api/users/]}: There is already 'userController' bean method
dev.backend.eduverse.controller.UserController#readUserIdByEmail(String) mapped.
	at org.springframework.web.servlet.handler.AbstractHandlerMethodMapping$MappingRegistry.validateMethodMapping(AbstractHandlerMethodMapping.java:674) ~[spring-webmvc-6.1.6.jar:6.1.6]
	at org.springframework.web.servlet.handler.AbstractHandlerMethodMapping$MappingRegistry.register(AbstractHandlerMethodMapping.java:636) ~[spring-webmvc-6.1.6.jar:6.1.6]
	at org.springframework.web.servlet.handler.AbstractHandlerMethodMapping.registerHandlerMethod(AbstractHandlerMethodMapping.java:331) ~[spring-webmvc-6.1.6.jar:6.1.6]
	at org.springframework.web.servlet.mvc.method.annotation.RequestMappingHandlerMapping.registerHandlerMethod(RequestMappingHandlerMapping.java:508) ~[spring-webmvc-6.1.6.jar:6.1.6]
	at org.springframework.web.servlet.mvc.method.annotation.RequestMappingHandlerMapping.registerHandlerMethod(RequestMappingHandlerMapping.java:84) ~[spring-webmvc-6.1.6.jar:6.1.6]
	at org.springframework.web.servlet.handler.AbstractHandlerMethodMapping.lambda$detectHandlerMethods$2(AbstractHandlerMethodMapping.java:298) ~[spring-webmvc-6.1.6.jar:6.1.6]
	at java.base/java.util.LinkedHashMap.forEach(LinkedHashMap.java:986) ~[na:na]
	at org.springframework.web.servlet.handler.AbstractHandlerMethodMapping.detectHandlerMethods(AbstractHandlerMethodMapping.java:296) ~[spring-webmvc-6.1.6.jar:6.1.6]
	at org.springframework.web.servlet.handler.AbstractHandlerMethodMapping.processCandidateBean(AbstractHandlerMethodMapping.java:265) ~[spring-webmvc-6.1.6.jar:6.1.6]
	at org.springframework.web.servlet.handler.AbstractHandlerMethodMapping.initHandlerMethods(AbstractHandlerMethodMapping.java:224) ~[spring-webmvc-6.1.6.jar:6.1.6]
	at org.springframework.web.servlet.handler.AbstractHandlerMethodMapping.afterPropertiesSet(AbstractHandlerMethodMapping.java:212) ~[spring-webmvc-6.1.6.jar:6.1.6]
	at org.springframework.web.servlet.mvc.method.annotation.RequestMappingHandlerMapping.afterPropertiesSet(RequestMappingHandlerMapping.java:239) ~[spring-webmvc-6.1.6.jar:6.1.6]
	at org.springframework.beans.factory.support.AbstractAutowireCapableBeanFactory.invokeInitMethods(AbstractAutowireCapableBeanFactory.java:1833) ~[spring-beans-6.1.6.jar:6.1.6]
	at org.springframework.beans.factory.support.AbstractAutowireCapableBeanFactory.initializeBean(AbstractAutowireCapableBeanFactory.java:1782) ~[spring-beans-6.1.6.jar:6.1.6]
	... 19 common frames omitted

2024-05-12T16:36:25.536+02:00  INFO 2162 --- [EduVerse] [restartedMain] d.backend.eduverse.EduverseApplication   : Starting EduverseApplication using Java 22 with PID 2162 (/Users/swanhtetmac/intern/Dev07/eduverse/target/classes started by swanhtetmac in /Users/swanhtetmac/intern/Dev07)
2024-05-12T16:36:25.538+02:00 DEBUG 2162 --- [EduVerse] [restartedMain] d.backend.eduverse.EduverseApplication   : Running with Spring Boot v3.2.5, Spring v6.1.6
2024-05-12T16:36:25.539+02:00  INFO 2162 --- [EduVerse] [restartedMain] d.backend.eduverse.EduverseApplication   : The following 1 profile is active: "dev"
2024-05-12T16:36:32.607+02:00  INFO 2162 --- [EduVerse] [restartedMain] d.backend.eduverse.EduverseApplication   : Started EduverseApplication in 7.531 seconds (process running for 8.464)
2024-05-12T16:38:34.723+02:00  INFO 2399 --- [EduVerse] [restartedMain] d.backend.eduverse.EduverseApplication   : Starting EduverseApplication using Java 22 with PID 2399 (/Users/swanhtetmac/intern/Dev07/eduverse/target/classes started by swanhtetmac in /Users/swanhtetmac/intern/Dev07)
2024-05-12T16:38:34.725+02:00 DEBUG 2399 --- [EduVerse] [restartedMain] d.backend.eduverse.EduverseApplication   : Running with Spring Boot v3.2.5, Spring v6.1.6
2024-05-12T16:38:34.726+02:00  INFO 2399 --- [EduVerse] [restartedMain] d.backend.eduverse.EduverseApplication   : The following 1 profile is active: "dev"
2024-05-12T16:38:40.150+02:00  INFO 2399 --- [EduVerse] [restartedMain] d.backend.eduverse.EduverseApplication   : Started EduverseApplication in 5.91 seconds (process running for 7.099)
2024-05-14T21:08:31.737+06:30  INFO 80070 --- [EduVerse] [restartedMain] d.backend.eduverse.EduverseApplication   : Starting EduverseApplication using Java 21.0.2 with PID 80070 (/Users/kyawzinthant/Documents/Java Project/EduVerse/eduverse/target/classes started by kyawzinthant in /Users/kyawzinthant/Documents/Java Project/EduVerse)
2024-05-14T21:08:31.739+06:30 DEBUG 80070 --- [EduVerse] [restartedMain] d.backend.eduverse.EduverseApplication   : Running with Spring Boot v3.2.5, Spring v6.1.6
2024-05-14T21:08:31.739+06:30  INFO 80070 --- [EduVerse] [restartedMain] d.backend.eduverse.EduverseApplication   : The following 1 profile is active: "dev"
2024-05-14T21:08:35.252+06:30 ERROR 80070 --- [EduVerse] [restartedMain] com.zaxxer.hikari.pool.HikariPool        : HikariPool-1 - Exception during pool initialization.

java.sql.SQLException: Access denied for user 'root'@'localhost' (using password: YES)
	at com.mysql.cj.jdbc.exceptions.SQLError.createSQLException(SQLError.java:130) ~[mysql-connector-j-8.3.0.jar:8.3.0]
	at com.mysql.cj.jdbc.exceptions.SQLExceptionsMapping.translateException(SQLExceptionsMapping.java:122) ~[mysql-connector-j-8.3.0.jar:8.3.0]
	at com.mysql.cj.jdbc.ConnectionImpl.createNewIO(ConnectionImpl.java:815) ~[mysql-connector-j-8.3.0.jar:8.3.0]
	at com.mysql.cj.jdbc.ConnectionImpl.<init>(ConnectionImpl.java:438) ~[mysql-connector-j-8.3.0.jar:8.3.0]
	at com.mysql.cj.jdbc.ConnectionImpl.getInstance(ConnectionImpl.java:241) ~[mysql-connector-j-8.3.0.jar:8.3.0]
	at com.mysql.cj.jdbc.NonRegisteringDriver.connect(NonRegisteringDriver.java:189) ~[mysql-connector-j-8.3.0.jar:8.3.0]
	at com.zaxxer.hikari.util.DriverDataSource.getConnection(DriverDataSource.java:138) ~[HikariCP-5.0.1.jar:na]
	at com.zaxxer.hikari.pool.PoolBase.newConnection(PoolBase.java:359) ~[HikariCP-5.0.1.jar:na]
	at com.zaxxer.hikari.pool.PoolBase.newPoolEntry(PoolBase.java:201) ~[HikariCP-5.0.1.jar:na]
	at com.zaxxer.hikari.pool.HikariPool.createPoolEntry(HikariPool.java:470) ~[HikariCP-5.0.1.jar:na]
	at com.zaxxer.hikari.pool.HikariPool.checkFailFast(HikariPool.java:561) ~[HikariCP-5.0.1.jar:na]
	at com.zaxxer.hikari.pool.HikariPool.<init>(HikariPool.java:100) ~[HikariCP-5.0.1.jar:na]
	at com.zaxxer.hikari.HikariDataSource.getConnection(HikariDataSource.java:112) ~[HikariCP-5.0.1.jar:na]
	at org.hibernate.engine.jdbc.connections.internal.DatasourceConnectionProviderImpl.getConnection(DatasourceConnectionProviderImpl.java:122) ~[hibernate-core-6.4.4.Final.jar:6.4.4.Final]
	at org.hibernate.engine.jdbc.env.internal.JdbcEnvironmentInitiator$ConnectionProviderJdbcConnectionAccess.obtainConnection(JdbcEnvironmentInitiator.java:428) ~[hibernate-core-6.4.4.Final.jar:6.4.4.Final]
	at org.hibernate.resource.transaction.backend.jdbc.internal.JdbcIsolationDelegate.delegateWork(JdbcIsolationDelegate.java:61) ~[hibernate-core-6.4.4.Final.jar:6.4.4.Final]
	at org.hibernate.engine.jdbc.env.internal.JdbcEnvironmentInitiator.getJdbcEnvironmentUsingJdbcMetadata(JdbcEnvironmentInitiator.java:276) ~[hibernate-core-6.4.4.Final.jar:6.4.4.Final]
	at org.hibernate.engine.jdbc.env.internal.JdbcEnvironmentInitiator.initiateService(JdbcEnvironmentInitiator.java:107) ~[hibernate-core-6.4.4.Final.jar:6.4.4.Final]
	at org.hibernate.engine.jdbc.env.internal.JdbcEnvironmentInitiator.initiateService(JdbcEnvironmentInitiator.java:68) ~[hibernate-core-6.4.4.Final.jar:6.4.4.Final]
	at org.hibernate.boot.registry.internal.StandardServiceRegistryImpl.initiateService(StandardServiceRegistryImpl.java:130) ~[hibernate-core-6.4.4.Final.jar:6.4.4.Final]
	at org.hibernate.service.internal.AbstractServiceRegistryImpl.createService(AbstractServiceRegistryImpl.java:263) ~[hibernate-core-6.4.4.Final.jar:6.4.4.Final]
	at org.hibernate.service.internal.AbstractServiceRegistryImpl.initializeService(AbstractServiceRegistryImpl.java:238) ~[hibernate-core-6.4.4.Final.jar:6.4.4.Final]
	at org.hibernate.service.internal.AbstractServiceRegistryImpl.getService(AbstractServiceRegistryImpl.java:215) ~[hibernate-core-6.4.4.Final.jar:6.4.4.Final]
	at org.hibernate.boot.model.relational.Database.<init>(Database.java:45) ~[hibernate-core-6.4.4.Final.jar:6.4.4.Final]
	at org.hibernate.boot.internal.InFlightMetadataCollectorImpl.getDatabase(InFlightMetadataCollectorImpl.java:223) ~[hibernate-core-6.4.4.Final.jar:6.4.4.Final]
	at org.hibernate.boot.internal.InFlightMetadataCollectorImpl.<init>(InFlightMetadataCollectorImpl.java:191) ~[hibernate-core-6.4.4.Final.jar:6.4.4.Final]
	at org.hibernate.boot.model.process.spi.MetadataBuildingProcess.complete(MetadataBuildingProcess.java:170) ~[hibernate-core-6.4.4.Final.jar:6.4.4.Final]
	at org.hibernate.jpa.boot.internal.EntityManagerFactoryBuilderImpl.metadata(EntityManagerFactoryBuilderImpl.java:1432) ~[hibernate-core-6.4.4.Final.jar:6.4.4.Final]
	at org.hibernate.jpa.boot.internal.EntityManagerFactoryBuilderImpl.build(EntityManagerFactoryBuilderImpl.java:1503) ~[hibernate-core-6.4.4.Final.jar:6.4.4.Final]
	at org.springframework.orm.jpa.vendor.SpringHibernateJpaPersistenceProvider.createContainerEntityManagerFactory(SpringHibernateJpaPersistenceProvider.java:75) ~[spring-orm-6.1.6.jar:6.1.6]
	at org.springframework.orm.jpa.LocalContainerEntityManagerFactoryBean.createNativeEntityManagerFactory(LocalContainerEntityManagerFactoryBean.java:390) ~[spring-orm-6.1.6.jar:6.1.6]
	at org.springframework.orm.jpa.AbstractEntityManagerFactoryBean.buildNativeEntityManagerFactory(AbstractEntityManagerFactoryBean.java:409) ~[spring-orm-6.1.6.jar:6.1.6]
	at org.springframework.orm.jpa.AbstractEntityManagerFactoryBean.afterPropertiesSet(AbstractEntityManagerFactoryBean.java:396) ~[spring-orm-6.1.6.jar:6.1.6]
	at org.springframework.orm.jpa.LocalContainerEntityManagerFactoryBean.afterPropertiesSet(LocalContainerEntityManagerFactoryBean.java:366) ~[spring-orm-6.1.6.jar:6.1.6]
	at org.springframework.beans.factory.support.AbstractAutowireCapableBeanFactory.invokeInitMethods(AbstractAutowireCapableBeanFactory.java:1833) ~[spring-beans-6.1.6.jar:6.1.6]
	at org.springframework.beans.factory.support.AbstractAutowireCapableBeanFactory.initializeBean(AbstractAutowireCapableBeanFactory.java:1782) ~[spring-beans-6.1.6.jar:6.1.6]
	at org.springframework.beans.factory.support.AbstractAutowireCapableBeanFactory.doCreateBean(AbstractAutowireCapableBeanFactory.java:600) ~[spring-beans-6.1.6.jar:6.1.6]
	at org.springframework.beans.factory.support.AbstractAutowireCapableBeanFactory.createBean(AbstractAutowireCapableBeanFactory.java:522) ~[spring-beans-6.1.6.jar:6.1.6]
	at org.springframework.beans.factory.support.AbstractBeanFactory.lambda$doGetBean$0(AbstractBeanFactory.java:326) ~[spring-beans-6.1.6.jar:6.1.6]
	at org.springframework.beans.factory.support.DefaultSingletonBeanRegistry.getSingleton(DefaultSingletonBeanRegistry.java:234) ~[spring-beans-6.1.6.jar:6.1.6]
	at org.springframework.beans.factory.support.AbstractBeanFactory.doGetBean(AbstractBeanFactory.java:324) ~[spring-beans-6.1.6.jar:6.1.6]
	at org.springframework.beans.factory.support.AbstractBeanFactory.getBean(AbstractBeanFactory.java:200) ~[spring-beans-6.1.6.jar:6.1.6]
	at org.springframework.context.support.AbstractApplicationContext.getBean(AbstractApplicationContext.java:1234) ~[spring-context-6.1.6.jar:6.1.6]
	at org.springframework.context.support.AbstractApplicationContext.finishBeanFactoryInitialization(AbstractApplicationContext.java:952) ~[spring-context-6.1.6.jar:6.1.6]
	at org.springframework.context.support.AbstractApplicationContext.refresh(AbstractApplicationContext.java:624) ~[spring-context-6.1.6.jar:6.1.6]
	at org.springframework.boot.web.servlet.context.ServletWebServerApplicationContext.refresh(ServletWebServerApplicationContext.java:146) ~[spring-boot-3.2.5.jar:3.2.5]
	at org.springframework.boot.SpringApplication.refresh(SpringApplication.java:754) ~[spring-boot-3.2.5.jar:3.2.5]
	at org.springframework.boot.SpringApplication.refreshContext(SpringApplication.java:456) ~[spring-boot-3.2.5.jar:3.2.5]
	at org.springframework.boot.SpringApplication.run(SpringApplication.java:334) ~[spring-boot-3.2.5.jar:3.2.5]
	at org.springframework.boot.SpringApplication.run(SpringApplication.java:1354) ~[spring-boot-3.2.5.jar:3.2.5]
	at org.springframework.boot.SpringApplication.run(SpringApplication.java:1343) ~[spring-boot-3.2.5.jar:3.2.5]
	at dev.backend.eduverse.EduverseApplication.main(EduverseApplication.java:10) ~[classes/:na]
	at java.base/jdk.internal.reflect.DirectMethodHandleAccessor.invoke(DirectMethodHandleAccessor.java:103) ~[na:na]
	at java.base/java.lang.reflect.Method.invoke(Method.java:580) ~[na:na]
	at org.springframework.boot.devtools.restart.RestartLauncher.run(RestartLauncher.java:50) ~[spring-boot-devtools-3.2.5.jar:3.2.5]

2024-05-14T21:08:35.264+06:30 ERROR 80070 --- [EduVerse] [restartedMain] j.LocalContainerEntityManagerFactoryBean : Failed to initialize JPA EntityManagerFactory: Unable to create requested service [org.hibernate.engine.jdbc.env.spi.JdbcEnvironment] due to: Unable to determine Dialect without JDBC metadata (please set 'jakarta.persistence.jdbc.url' for common cases or 'hibernate.dialect' when a custom Dialect implementation must be provided)
2024-05-14T21:08:35.314+06:30 ERROR 80070 --- [EduVerse] [restartedMain] o.s.boot.SpringApplication               : Application run failed

org.springframework.beans.factory.BeanCreationException: Error creating bean with name 'entityManagerFactory' defined in class path resource [org/springframework/boot/autoconfigure/orm/jpa/HibernateJpaConfiguration.class]: Unable to create requested service [org.hibernate.engine.jdbc.env.spi.JdbcEnvironment] due to: Unable to determine Dialect without JDBC metadata (please set 'jakarta.persistence.jdbc.url' for common cases or 'hibernate.dialect' when a custom Dialect implementation must be provided)
	at org.springframework.beans.factory.support.AbstractAutowireCapableBeanFactory.initializeBean(AbstractAutowireCapableBeanFactory.java:1786) ~[spring-beans-6.1.6.jar:6.1.6]
	at org.springframework.beans.factory.support.AbstractAutowireCapableBeanFactory.doCreateBean(AbstractAutowireCapableBeanFactory.java:600) ~[spring-beans-6.1.6.jar:6.1.6]
	at org.springframework.beans.factory.support.AbstractAutowireCapableBeanFactory.createBean(AbstractAutowireCapableBeanFactory.java:522) ~[spring-beans-6.1.6.jar:6.1.6]
	at org.springframework.beans.factory.support.AbstractBeanFactory.lambda$doGetBean$0(AbstractBeanFactory.java:326) ~[spring-beans-6.1.6.jar:6.1.6]
	at org.springframework.beans.factory.support.DefaultSingletonBeanRegistry.getSingleton(DefaultSingletonBeanRegistry.java:234) ~[spring-beans-6.1.6.jar:6.1.6]
	at org.springframework.beans.factory.support.AbstractBeanFactory.doGetBean(AbstractBeanFactory.java:324) ~[spring-beans-6.1.6.jar:6.1.6]
	at org.springframework.beans.factory.support.AbstractBeanFactory.getBean(AbstractBeanFactory.java:200) ~[spring-beans-6.1.6.jar:6.1.6]
	at org.springframework.context.support.AbstractApplicationContext.getBean(AbstractApplicationContext.java:1234) ~[spring-context-6.1.6.jar:6.1.6]
	at org.springframework.context.support.AbstractApplicationContext.finishBeanFactoryInitialization(AbstractApplicationContext.java:952) ~[spring-context-6.1.6.jar:6.1.6]
	at org.springframework.context.support.AbstractApplicationContext.refresh(AbstractApplicationContext.java:624) ~[spring-context-6.1.6.jar:6.1.6]
	at org.springframework.boot.web.servlet.context.ServletWebServerApplicationContext.refresh(ServletWebServerApplicationContext.java:146) ~[spring-boot-3.2.5.jar:3.2.5]
	at org.springframework.boot.SpringApplication.refresh(SpringApplication.java:754) ~[spring-boot-3.2.5.jar:3.2.5]
	at org.springframework.boot.SpringApplication.refreshContext(SpringApplication.java:456) ~[spring-boot-3.2.5.jar:3.2.5]
	at org.springframework.boot.SpringApplication.run(SpringApplication.java:334) ~[spring-boot-3.2.5.jar:3.2.5]
	at org.springframework.boot.SpringApplication.run(SpringApplication.java:1354) ~[spring-boot-3.2.5.jar:3.2.5]
	at org.springframework.boot.SpringApplication.run(SpringApplication.java:1343) ~[spring-boot-3.2.5.jar:3.2.5]
	at dev.backend.eduverse.EduverseApplication.main(EduverseApplication.java:10) ~[classes/:na]
	at java.base/jdk.internal.reflect.DirectMethodHandleAccessor.invoke(DirectMethodHandleAccessor.java:103) ~[na:na]
	at java.base/java.lang.reflect.Method.invoke(Method.java:580) ~[na:na]
	at org.springframework.boot.devtools.restart.RestartLauncher.run(RestartLauncher.java:50) ~[spring-boot-devtools-3.2.5.jar:3.2.5]
Caused by: org.hibernate.service.spi.ServiceException: Unable to create requested service [org.hibernate.engine.jdbc.env.spi.JdbcEnvironment] due to: Unable to determine Dialect without JDBC metadata (please set 'jakarta.persistence.jdbc.url' for common cases or 'hibernate.dialect' when a custom Dialect implementation must be provided)
	at org.hibernate.service.internal.AbstractServiceRegistryImpl.createService(AbstractServiceRegistryImpl.java:276) ~[hibernate-core-6.4.4.Final.jar:6.4.4.Final]
	at org.hibernate.service.internal.AbstractServiceRegistryImpl.initializeService(AbstractServiceRegistryImpl.java:238) ~[hibernate-core-6.4.4.Final.jar:6.4.4.Final]
	at org.hibernate.service.internal.AbstractServiceRegistryImpl.getService(AbstractServiceRegistryImpl.java:215) ~[hibernate-core-6.4.4.Final.jar:6.4.4.Final]
	at org.hibernate.boot.model.relational.Database.<init>(Database.java:45) ~[hibernate-core-6.4.4.Final.jar:6.4.4.Final]
	at org.hibernate.boot.internal.InFlightMetadataCollectorImpl.getDatabase(InFlightMetadataCollectorImpl.java:223) ~[hibernate-core-6.4.4.Final.jar:6.4.4.Final]
	at org.hibernate.boot.internal.InFlightMetadataCollectorImpl.<init>(InFlightMetadataCollectorImpl.java:191) ~[hibernate-core-6.4.4.Final.jar:6.4.4.Final]
	at org.hibernate.boot.model.process.spi.MetadataBuildingProcess.complete(MetadataBuildingProcess.java:170) ~[hibernate-core-6.4.4.Final.jar:6.4.4.Final]
	at org.hibernate.jpa.boot.internal.EntityManagerFactoryBuilderImpl.metadata(EntityManagerFactoryBuilderImpl.java:1432) ~[hibernate-core-6.4.4.Final.jar:6.4.4.Final]
	at org.hibernate.jpa.boot.internal.EntityManagerFactoryBuilderImpl.build(EntityManagerFactoryBuilderImpl.java:1503) ~[hibernate-core-6.4.4.Final.jar:6.4.4.Final]
	at org.springframework.orm.jpa.vendor.SpringHibernateJpaPersistenceProvider.createContainerEntityManagerFactory(SpringHibernateJpaPersistenceProvider.java:75) ~[spring-orm-6.1.6.jar:6.1.6]
	at org.springframework.orm.jpa.LocalContainerEntityManagerFactoryBean.createNativeEntityManagerFactory(LocalContainerEntityManagerFactoryBean.java:390) ~[spring-orm-6.1.6.jar:6.1.6]
	at org.springframework.orm.jpa.AbstractEntityManagerFactoryBean.buildNativeEntityManagerFactory(AbstractEntityManagerFactoryBean.java:409) ~[spring-orm-6.1.6.jar:6.1.6]
	at org.springframework.orm.jpa.AbstractEntityManagerFactoryBean.afterPropertiesSet(AbstractEntityManagerFactoryBean.java:396) ~[spring-orm-6.1.6.jar:6.1.6]
	at org.springframework.orm.jpa.LocalContainerEntityManagerFactoryBean.afterPropertiesSet(LocalContainerEntityManagerFactoryBean.java:366) ~[spring-orm-6.1.6.jar:6.1.6]
	at org.springframework.beans.factory.support.AbstractAutowireCapableBeanFactory.invokeInitMethods(AbstractAutowireCapableBeanFactory.java:1833) ~[spring-beans-6.1.6.jar:6.1.6]
	at org.springframework.beans.factory.support.AbstractAutowireCapableBeanFactory.initializeBean(AbstractAutowireCapableBeanFactory.java:1782) ~[spring-beans-6.1.6.jar:6.1.6]
	... 19 common frames omitted
Caused by: org.hibernate.HibernateException: Unable to determine Dialect without JDBC metadata (please set 'jakarta.persistence.jdbc.url' for common cases or 'hibernate.dialect' when a custom Dialect implementation must be provided)
	at org.hibernate.engine.jdbc.dialect.internal.DialectFactoryImpl.determineDialect(DialectFactoryImpl.java:191) ~[hibernate-core-6.4.4.Final.jar:6.4.4.Final]
	at org.hibernate.engine.jdbc.dialect.internal.DialectFactoryImpl.buildDialect(DialectFactoryImpl.java:87) ~[hibernate-core-6.4.4.Final.jar:6.4.4.Final]
	at org.hibernate.engine.jdbc.env.internal.JdbcEnvironmentInitiator.getJdbcEnvironmentWithDefaults(JdbcEnvironmentInitiator.java:143) ~[hibernate-core-6.4.4.Final.jar:6.4.4.Final]
	at org.hibernate.engine.jdbc.env.internal.JdbcEnvironmentInitiator.getJdbcEnvironmentUsingJdbcMetadata(JdbcEnvironmentInitiator.java:348) ~[hibernate-core-6.4.4.Final.jar:6.4.4.Final]
	at org.hibernate.engine.jdbc.env.internal.JdbcEnvironmentInitiator.initiateService(JdbcEnvironmentInitiator.java:107) ~[hibernate-core-6.4.4.Final.jar:6.4.4.Final]
	at org.hibernate.engine.jdbc.env.internal.JdbcEnvironmentInitiator.initiateService(JdbcEnvironmentInitiator.java:68) ~[hibernate-core-6.4.4.Final.jar:6.4.4.Final]
	at org.hibernate.boot.registry.internal.StandardServiceRegistryImpl.initiateService(StandardServiceRegistryImpl.java:130) ~[hibernate-core-6.4.4.Final.jar:6.4.4.Final]
	at org.hibernate.service.internal.AbstractServiceRegistryImpl.createService(AbstractServiceRegistryImpl.java:263) ~[hibernate-core-6.4.4.Final.jar:6.4.4.Final]
	... 34 common frames omitted

2024-05-14T21:09:18.031+06:30  INFO 80096 --- [EduVerse] [restartedMain] d.backend.eduverse.EduverseApplication   : Starting EduverseApplication using Java 21.0.2 with PID 80096 (/Users/kyawzinthant/Documents/Java Project/EduVerse/eduverse/target/classes started by kyawzinthant in /Users/kyawzinthant/Documents/Java Project/EduVerse)
2024-05-14T21:09:18.033+06:30 DEBUG 80096 --- [EduVerse] [restartedMain] d.backend.eduverse.EduverseApplication   : Running with Spring Boot v3.2.5, Spring v6.1.6
2024-05-14T21:09:18.033+06:30  INFO 80096 --- [EduVerse] [restartedMain] d.backend.eduverse.EduverseApplication   : The following 1 profile is active: "dev"
2024-05-14T21:09:22.995+06:30  INFO 80096 --- [EduVerse] [restartedMain] d.backend.eduverse.EduverseApplication   : Started EduverseApplication in 5.575 seconds (process running for 6.354)
