2024-05-12T13:16:24.499+06:30  INFO 12204 --- [EduVerse] [main] d.b.eduverse.EduverseApplicationTests    : Starting EduverseApplicationTests using Java 20.0.2 with PID 12204 (started by Alvin in D:\GitHub\EduVerse\eduverse)
2024-05-12T13:16:24.500+06:30 DEBUG 12204 --- [EduVerse] [main] d.b.eduverse.EduverseApplicationTests    : Running with Spring Boot v3.2.5, Spring v6.1.6
2024-05-12T13:16:24.501+06:30  INFO 12204 --- [EduVerse] [main] d.b.eduverse.EduverseApplicationTests    : The following 1 profile is active: "dev"
2024-05-12T13:16:38.369+06:30  INFO 12204 --- [EduVerse] [main] d.b.eduverse.EduverseApplicationTests    : Started EduverseApplicationTests in 14.237 seconds (process running for 15.662)
2024-05-12T13:16:57.335+06:30  INFO 1876 --- [EduVerse] [restartedMain] d.backend.eduverse.EduverseApplication   : Starting EduverseApplication using Java 20.0.2 with PID 1876 (D:\GitHub\EduVerse\eduverse\target\classes started by Alvin in D:\GitHub\EduVerse\eduverse)
2024-05-12T13:16:57.350+06:30 DEBUG 1876 --- [EduVerse] [restartedMain] d.backend.eduverse.EduverseApplication   : Running with Spring Boot v3.2.5, Spring v6.1.6
2024-05-12T13:16:57.351+06:30  INFO 1876 --- [EduVerse] [restartedMain] d.backend.eduverse.EduverseApplication   : The following 1 profile is active: "dev"
2024-05-12T13:17:09.654+06:30  INFO 1876 --- [EduVerse] [restartedMain] d.backend.eduverse.EduverseApplication   : Started EduverseApplication in 12.811 seconds (process running for 13.365)
2024-05-12T13:17:55.830+06:30  INFO 1876 --- [EduVerse] [http-nio-8080-exec-10] d.b.e.service.impl.PathwayServiceImpl    : Entering the get all pathway process
2024-05-12T13:17:56.278+06:30  INFO 1876 --- [EduVerse] [http-nio-8080-exec-10] d.b.e.service.impl.PathwayServiceImpl    : Retrieved 1 pathways
2024-05-12T13:18:36.628+06:30  INFO 1876 --- [EduVerse] [http-nio-8080-exec-5] d.b.e.service.impl.PathwayServiceImpl    : Entering the creation process
2024-05-12T13:18:36.820+06:30  INFO 1876 --- [EduVerse] [http-nio-8080-exec-5] d.b.e.service.impl.PathwayServiceImpl    : Pathway created successfully
2024-05-12T13:18:42.388+06:30  INFO 1876 --- [EduVerse] [http-nio-8080-exec-6] d.b.e.service.impl.PathwayServiceImpl    : Entering the creation process
2024-05-12T13:19:39.027+06:30  INFO 1876 --- [EduVerse] [restartedMain] d.backend.eduverse.EduverseApplication   : Starting EduverseApplication using Java 20.0.2 with PID 1876 (D:\GitHub\EduVerse\eduverse\target\classes started by Alvin in D:\GitHub\EduVerse\eduverse)
2024-05-12T13:19:39.028+06:30 DEBUG 1876 --- [EduVerse] [restartedMain] d.backend.eduverse.EduverseApplication   : Running with Spring Boot v3.2.5, Spring v6.1.6
2024-05-12T13:19:39.028+06:30  INFO 1876 --- [EduVerse] [restartedMain] d.backend.eduverse.EduverseApplication   : The following 1 profile is active: "dev"
2024-05-12T13:19:40.799+06:30 ERROR 1876 --- [EduVerse] [restartedMain] o.s.boot.SpringApplication               : Application run failed

org.springframework.beans.factory.BeanCreationException: Error creating bean with name 'pathwayController': Lookup method resolution failed
	at org.springframework.beans.factory.annotation.AutowiredAnnotationBeanPostProcessor.checkLookupMethods(AutowiredAnnotationBeanPostProcessor.java:497) ~[spring-beans-6.1.6.jar:6.1.6]
	at org.springframework.beans.factory.annotation.AutowiredAnnotationBeanPostProcessor.determineCandidateConstructors(AutowiredAnnotationBeanPostProcessor.java:367) ~[spring-beans-6.1.6.jar:6.1.6]
	at org.springframework.beans.factory.support.AbstractAutowireCapableBeanFactory.determineConstructorsFromBeanPostProcessors(AbstractAutowireCapableBeanFactory.java:1294) ~[spring-beans-6.1.6.jar:6.1.6]
	at org.springframework.beans.factory.support.AbstractAutowireCapableBeanFactory.createBeanInstance(AbstractAutowireCapableBeanFactory.java:1189) ~[spring-beans-6.1.6.jar:6.1.6]
	at org.springframework.beans.factory.support.AbstractAutowireCapableBeanFactory.doCreateBean(AbstractAutowireCapableBeanFactory.java:562) ~[spring-beans-6.1.6.jar:6.1.6]
	at org.springframework.beans.factory.support.AbstractAutowireCapableBeanFactory.createBean(AbstractAutowireCapableBeanFactory.java:522) ~[spring-beans-6.1.6.jar:6.1.6]
	at org.springframework.beans.factory.support.AbstractBeanFactory.lambda$doGetBean$0(AbstractBeanFactory.java:326) ~[spring-beans-6.1.6.jar:6.1.6]
	at org.springframework.beans.factory.support.DefaultSingletonBeanRegistry.getSingleton(DefaultSingletonBeanRegistry.java:234) ~[spring-beans-6.1.6.jar:6.1.6]
	at org.springframework.beans.factory.support.AbstractBeanFactory.doGetBean(AbstractBeanFactory.java:324) ~[spring-beans-6.1.6.jar:6.1.6]
	at org.springframework.beans.factory.support.AbstractBeanFactory.getBean(AbstractBeanFactory.java:200) ~[spring-beans-6.1.6.jar:6.1.6]
	at org.springframework.beans.factory.support.DefaultListableBeanFactory.preInstantiateSingletons(DefaultListableBeanFactory.java:975) ~[spring-beans-6.1.6.jar:6.1.6]
	at org.springframework.context.support.AbstractApplicationContext.finishBeanFactoryInitialization(AbstractApplicationContext.java:962) ~[spring-context-6.1.6.jar:6.1.6]
	at org.springframework.context.support.AbstractApplicationContext.refresh(AbstractApplicationContext.java:624) ~[spring-context-6.1.6.jar:6.1.6]
	at org.springframework.boot.web.servlet.context.ServletWebServerApplicationContext.refresh(ServletWebServerApplicationContext.java:146) ~[spring-boot-3.2.5.jar:3.2.5]
	at org.springframework.boot.SpringApplication.refresh(SpringApplication.java:754) ~[spring-boot-3.2.5.jar:3.2.5]
	at org.springframework.boot.SpringApplication.refreshContext(SpringApplication.java:456) ~[spring-boot-3.2.5.jar:3.2.5]
	at org.springframework.boot.SpringApplication.run(SpringApplication.java:334) ~[spring-boot-3.2.5.jar:3.2.5]
	at org.springframework.boot.SpringApplication.run(SpringApplication.java:1354) ~[spring-boot-3.2.5.jar:3.2.5]
	at org.springframework.boot.SpringApplication.run(SpringApplication.java:1343) ~[spring-boot-3.2.5.jar:3.2.5]
	at dev.backend.eduverse.EduverseApplication.main(EduverseApplication.java:10) ~[classes/:na]
	at java.base/jdk.internal.reflect.DirectMethodHandleAccessor.invoke(DirectMethodHandleAccessor.java:104) ~[na:na]
	at java.base/java.lang.reflect.Method.invoke(Method.java:578) ~[na:na]
	at org.springframework.boot.devtools.restart.RestartLauncher.run(RestartLauncher.java:50) ~[spring-boot-devtools-3.2.5.jar:3.2.5]
Caused by: java.lang.IllegalStateException: Failed to introspect Class [dev.backend.eduverse.controller.PathwayController] from ClassLoader [org.springframework.boot.devtools.restart.classloader.RestartClassLoader@24b7a550]
	at org.springframework.util.ReflectionUtils.getDeclaredMethods(ReflectionUtils.java:483) ~[spring-core-6.1.6.jar:6.1.6]
	at org.springframework.util.ReflectionUtils.doWithLocalMethods(ReflectionUtils.java:320) ~[spring-core-6.1.6.jar:6.1.6]
	at org.springframework.beans.factory.annotation.AutowiredAnnotationBeanPostProcessor.checkLookupMethods(AutowiredAnnotationBeanPostProcessor.java:475) ~[spring-beans-6.1.6.jar:6.1.6]
	... 22 common frames omitted
Caused by: java.lang.NoClassDefFoundError: PathwayDTO
	at java.base/java.lang.Class.getDeclaredMethods0(Native Method) ~[na:na]
	at java.base/java.lang.Class.privateGetDeclaredMethods(Class.java:3502) ~[na:na]
	at java.base/java.lang.Class.getDeclaredMethods(Class.java:2601) ~[na:na]
	at org.springframework.util.ReflectionUtils.getDeclaredMethods(ReflectionUtils.java:465) ~[spring-core-6.1.6.jar:6.1.6]
	... 24 common frames omitted
Caused by: java.lang.ClassNotFoundException: PathwayDTO
	at java.base/jdk.internal.loader.BuiltinClassLoader.loadClass(BuiltinClassLoader.java:641) ~[na:na]
	at java.base/jdk.internal.loader.ClassLoaders$AppClassLoader.loadClass(ClassLoaders.java:188) ~[na:na]
	at java.base/java.lang.ClassLoader.loadClass(ClassLoader.java:521) ~[na:na]
	at java.base/java.lang.Class.forName0(Native Method) ~[na:na]
	at java.base/java.lang.Class.forName(Class.java:496) ~[na:na]
	at java.base/java.lang.Class.forName(Class.java:475) ~[na:na]
	at org.springframework.boot.devtools.restart.classloader.RestartClassLoader.loadClass(RestartClassLoader.java:121) ~[spring-boot-devtools-3.2.5.jar:3.2.5]
	at java.base/java.lang.ClassLoader.loadClass(ClassLoader.java:521) ~[na:na]
	... 28 common frames omitted

2024-05-12T13:25:39.847+06:30  INFO 16208 --- [EduVerse] [restartedMain] d.backend.eduverse.EduverseApplication   : Starting EduverseApplication using Java 20.0.2 with PID 16208 (D:\GitHub\EduVerse\eduverse\target\classes started by Alvin in D:\GitHub\EduVerse\eduverse)
2024-05-12T13:25:39.852+06:30 DEBUG 16208 --- [EduVerse] [restartedMain] d.backend.eduverse.EduverseApplication   : Running with Spring Boot v3.2.5, Spring v6.1.6
2024-05-12T13:25:39.855+06:30  INFO 16208 --- [EduVerse] [restartedMain] d.backend.eduverse.EduverseApplication   : The following 1 profile is active: "dev"
2024-05-12T13:25:56.047+06:30  INFO 16208 --- [EduVerse] [restartedMain] d.backend.eduverse.EduverseApplication   : Started EduverseApplication in 17.451 seconds (process running for 18.32)
2024-05-12T13:26:20.388+06:30  INFO 16208 --- [EduVerse] [http-nio-8080-exec-10] d.b.e.service.impl.PathwayServiceImpl    : Entering the get all pathway process
2024-05-12T13:26:20.813+06:30  INFO 16208 --- [EduVerse] [http-nio-8080-exec-10] d.b.e.service.impl.PathwayServiceImpl    : Retrieved 2 pathways
2024-05-12T13:26:35.613+06:30  INFO 16208 --- [EduVerse] [http-nio-8080-exec-1] d.b.e.service.impl.PathwayServiceImpl    : Entering the creation process
2024-05-12T13:28:47.976+06:30  INFO 16208 --- [EduVerse] [restartedMain] d.backend.eduverse.EduverseApplication   : Starting EduverseApplication using Java 20.0.2 with PID 16208 (D:\GitHub\EduVerse\eduverse\target\classes started by Alvin in D:\GitHub\EduVerse\eduverse)
2024-05-12T13:28:47.977+06:30 DEBUG 16208 --- [EduVerse] [restartedMain] d.backend.eduverse.EduverseApplication   : Running with Spring Boot v3.2.5, Spring v6.1.6
2024-05-12T13:28:47.977+06:30  INFO 16208 --- [EduVerse] [restartedMain] d.backend.eduverse.EduverseApplication   : The following 1 profile is active: "dev"
2024-05-12T13:28:50.266+06:30  INFO 16208 --- [EduVerse] [restartedMain] d.backend.eduverse.EduverseApplication   : Started EduverseApplication in 2.33 seconds (process running for 192.539)
2024-05-12T13:29:10.633+06:30  INFO 16208 --- [EduVerse] [http-nio-8080-exec-3] d.b.e.service.impl.PathwayServiceImpl    : Entering the get all pathway process
2024-05-12T13:29:10.646+06:30  INFO 16208 --- [EduVerse] [http-nio-8080-exec-3] d.b.e.service.impl.PathwayServiceImpl    : Retrieved 2 pathways
2024-05-12T13:29:25.695+06:30  INFO 16208 --- [EduVerse] [http-nio-8080-exec-6] d.b.e.service.impl.PathwayServiceImpl    : Entering the creation process
2024-05-12T13:29:52.914+06:30  INFO 16208 --- [EduVerse] [restartedMain] d.backend.eduverse.EduverseApplication   : Starting EduverseApplication using Java 20.0.2 with PID 16208 (D:\GitHub\EduVerse\eduverse\target\classes started by Alvin in D:\GitHub\EduVerse\eduverse)
2024-05-12T13:29:52.915+06:30 DEBUG 16208 --- [EduVerse] [restartedMain] d.backend.eduverse.EduverseApplication   : Running with Spring Boot v3.2.5, Spring v6.1.6
2024-05-12T13:29:52.916+06:30  INFO 16208 --- [EduVerse] [restartedMain] d.backend.eduverse.EduverseApplication   : The following 1 profile is active: "dev"
2024-05-12T13:29:54.679+06:30  INFO 16208 --- [EduVerse] [restartedMain] d.backend.eduverse.EduverseApplication   : Started EduverseApplication in 1.785 seconds (process running for 256.952)
2024-05-12T13:29:59.339+06:30  INFO 16208 --- [EduVerse] [restartedMain] d.backend.eduverse.EduverseApplication   : Starting EduverseApplication using Java 20.0.2 with PID 16208 (D:\GitHub\EduVerse\eduverse\target\classes started by Alvin in D:\GitHub\EduVerse\eduverse)
2024-05-12T13:29:59.339+06:30 DEBUG 16208 --- [EduVerse] [restartedMain] d.backend.eduverse.EduverseApplication   : Running with Spring Boot v3.2.5, Spring v6.1.6
2024-05-12T13:29:59.339+06:30  INFO 16208 --- [EduVerse] [restartedMain] d.backend.eduverse.EduverseApplication   : The following 1 profile is active: "dev"
2024-05-12T13:30:01.023+06:30  INFO 16208 --- [EduVerse] [restartedMain] d.backend.eduverse.EduverseApplication   : Started EduverseApplication in 1.704 seconds (process running for 263.296)
2024-05-12T13:31:51.422+06:30  INFO 16208 --- [EduVerse] [http-nio-8080-exec-10] d.b.e.service.impl.CategoryServiceImpl   : Creating Category
2024-05-12T13:31:51.594+06:30  INFO 16208 --- [EduVerse] [http-nio-8080-exec-10] d.b.e.service.impl.CategoryServiceImpl   : Success created category
2024-05-12T13:32:06.048+06:30  INFO 16208 --- [EduVerse] [http-nio-8080-exec-1] d.b.e.service.impl.CategoryServiceImpl   : Creating Category
2024-05-12T13:32:14.131+06:30  INFO 16208 --- [EduVerse] [http-nio-8080-exec-2] d.b.e.service.impl.CategoryServiceImpl   : Creating Category
2024-05-12T13:35:01.404+06:30  INFO 16208 --- [EduVerse] [restartedMain] d.backend.eduverse.EduverseApplication   : Starting EduverseApplication using Java 20.0.2 with PID 16208 (D:\GitHub\EduVerse\eduverse\target\classes started by Alvin in D:\GitHub\EduVerse\eduverse)
2024-05-12T13:35:01.406+06:30 DEBUG 16208 --- [EduVerse] [restartedMain] d.backend.eduverse.EduverseApplication   : Running with Spring Boot v3.2.5, Spring v6.1.6
2024-05-12T13:35:01.409+06:30  INFO 16208 --- [EduVerse] [restartedMain] d.backend.eduverse.EduverseApplication   : The following 1 profile is active: "dev"
2024-05-12T13:35:02.814+06:30  INFO 16208 --- [EduVerse] [restartedMain] d.backend.eduverse.EduverseApplication   : Started EduverseApplication in 1.434 seconds (process running for 565.087)
2024-05-12T13:35:39.607+06:30  INFO 16208 --- [EduVerse] [restartedMain] d.backend.eduverse.EduverseApplication   : Starting EduverseApplication using Java 20.0.2 with PID 16208 (D:\GitHub\EduVerse\eduverse\target\classes started by Alvin in D:\GitHub\EduVerse\eduverse)
2024-05-12T13:35:39.607+06:30 DEBUG 16208 --- [EduVerse] [restartedMain] d.backend.eduverse.EduverseApplication   : Running with Spring Boot v3.2.5, Spring v6.1.6
2024-05-12T13:35:39.608+06:30  INFO 16208 --- [EduVerse] [restartedMain] d.backend.eduverse.EduverseApplication   : The following 1 profile is active: "dev"
2024-05-12T13:35:41.051+06:30  INFO 16208 --- [EduVerse] [restartedMain] d.backend.eduverse.EduverseApplication   : Started EduverseApplication in 1.459 seconds (process running for 603.323)
2024-05-12T13:36:54.136+06:30  INFO 16208 --- [EduVerse] [http-nio-8080-exec-5] d.b.e.service.impl.PathwayServiceImpl    : Entering the creation process
2024-05-12T13:36:54.136+06:30 ERROR 16208 --- [EduVerse] [http-nio-8080-exec-5] d.b.e.service.impl.PathwayServiceImpl    : Pathway with name 'backend development' already exists
2024-05-12T13:46:30.878+06:30  INFO 16208 --- [EduVerse] [restartedMain] d.backend.eduverse.EduverseApplication   : Starting EduverseApplication using Java 20.0.2 with PID 16208 (D:\GitHub\EduVerse\eduverse\target\classes started by Alvin in D:\GitHub\EduVerse\eduverse)
2024-05-12T13:46:30.878+06:30 DEBUG 16208 --- [EduVerse] [restartedMain] d.backend.eduverse.EduverseApplication   : Running with Spring Boot v3.2.5, Spring v6.1.6
2024-05-12T13:46:30.879+06:30  INFO 16208 --- [EduVerse] [restartedMain] d.backend.eduverse.EduverseApplication   : The following 1 profile is active: "dev"
2024-05-12T13:46:32.114+06:30  INFO 16208 --- [EduVerse] [restartedMain] d.backend.eduverse.EduverseApplication   : Started EduverseApplication in 1.251 seconds (process running for 1254.387)
2024-05-12T13:46:45.098+06:30  INFO 16208 --- [EduVerse] [restartedMain] d.backend.eduverse.EduverseApplication   : Starting EduverseApplication using Java 20.0.2 with PID 16208 (D:\GitHub\EduVerse\eduverse\target\classes started by Alvin in D:\GitHub\EduVerse\eduverse)
2024-05-12T13:46:45.099+06:30 DEBUG 16208 --- [EduVerse] [restartedMain] d.backend.eduverse.EduverseApplication   : Running with Spring Boot v3.2.5, Spring v6.1.6
2024-05-12T13:46:45.099+06:30  INFO 16208 --- [EduVerse] [restartedMain] d.backend.eduverse.EduverseApplication   : The following 1 profile is active: "dev"
2024-05-12T13:46:46.354+06:30  INFO 16208 --- [EduVerse] [restartedMain] d.backend.eduverse.EduverseApplication   : Started EduverseApplication in 1.273 seconds (process running for 1268.627)
2024-05-12T13:47:07.177+06:30  INFO 16208 --- [EduVerse] [http-nio-8080-exec-5] d.b.e.service.impl.PathwayServiceImpl    : Entering the creation process
2024-05-12T13:47:07.177+06:30 ERROR 16208 --- [EduVerse] [http-nio-8080-exec-5] d.b.e.service.impl.PathwayServiceImpl    : Pathway with name 'backend development' already exists
2024-05-12T13:48:13.012+06:30  INFO 16208 --- [EduVerse] [restartedMain] d.backend.eduverse.EduverseApplication   : Starting EduverseApplication using Java 20.0.2 with PID 16208 (D:\GitHub\EduVerse\eduverse\target\classes started by Alvin in D:\GitHub\EduVerse\eduverse)
2024-05-12T13:48:13.012+06:30 DEBUG 16208 --- [EduVerse] [restartedMain] d.backend.eduverse.EduverseApplication   : Running with Spring Boot v3.2.5, Spring v6.1.6
2024-05-12T13:48:13.012+06:30  INFO 16208 --- [EduVerse] [restartedMain] d.backend.eduverse.EduverseApplication   : The following 1 profile is active: "dev"
2024-05-12T13:48:14.273+06:30  INFO 16208 --- [EduVerse] [restartedMain] d.backend.eduverse.EduverseApplication   : Started EduverseApplication in 1.28 seconds (process running for 1356.546)
2024-05-12T13:48:51.188+06:30  INFO 16208 --- [EduVerse] [restartedMain] d.backend.eduverse.EduverseApplication   : Starting EduverseApplication using Java 20.0.2 with PID 16208 (D:\GitHub\EduVerse\eduverse\target\classes started by Alvin in D:\GitHub\EduVerse\eduverse)
2024-05-12T13:48:51.188+06:30 DEBUG 16208 --- [EduVerse] [restartedMain] d.backend.eduverse.EduverseApplication   : Running with Spring Boot v3.2.5, Spring v6.1.6
2024-05-12T13:48:51.189+06:30  INFO 16208 --- [EduVerse] [restartedMain] d.backend.eduverse.EduverseApplication   : The following 1 profile is active: "dev"
2024-05-12T13:48:52.322+06:30  INFO 16208 --- [EduVerse] [restartedMain] d.backend.eduverse.EduverseApplication   : Started EduverseApplication in 1.147 seconds (process running for 1394.595)
2024-05-12T13:49:13.613+06:30  INFO 16208 --- [EduVerse] [http-nio-8080-exec-5] d.b.e.service.impl.PathwayServiceImpl    : Entering the creation process
2024-05-12T13:49:13.646+06:30  INFO 16208 --- [EduVerse] [http-nio-8080-exec-5] d.b.e.service.impl.PathwayServiceImpl    : Pathway created successfully
2024-05-12T13:49:16.635+06:30  INFO 16208 --- [EduVerse] [http-nio-8080-exec-6] d.b.e.service.impl.PathwayServiceImpl    : Entering the creation process
2024-05-12T13:49:16.635+06:30 ERROR 16208 --- [EduVerse] [http-nio-8080-exec-6] d.b.e.service.impl.PathwayServiceImpl    : Pathway with name 'frontend development' already exists
2024-05-12T13:49:26.503+06:30  INFO 16208 --- [EduVerse] [http-nio-8080-exec-7] d.b.e.service.impl.PathwayServiceImpl    : Entering the creation process
2024-05-12T13:49:26.551+06:30 ERROR 16208 --- [EduVerse] [http-nio-8080-exec-7] d.b.e.service.impl.PathwayServiceImpl    : Pathway with name 'backend development' already exists
2024-05-12T13:49:53.167+06:30  INFO 16208 --- [EduVerse] [restartedMain] d.backend.eduverse.EduverseApplication   : Starting EduverseApplication using Java 20.0.2 with PID 16208 (D:\GitHub\EduVerse\eduverse\target\classes started by Alvin in D:\GitHub\EduVerse\eduverse)
2024-05-12T13:49:53.167+06:30 DEBUG 16208 --- [EduVerse] [restartedMain] d.backend.eduverse.EduverseApplication   : Running with Spring Boot v3.2.5, Spring v6.1.6
2024-05-12T13:49:53.167+06:30  INFO 16208 --- [EduVerse] [restartedMain] d.backend.eduverse.EduverseApplication   : The following 1 profile is active: "dev"
2024-05-12T13:49:54.397+06:30  INFO 16208 --- [EduVerse] [restartedMain] d.backend.eduverse.EduverseApplication   : Started EduverseApplication in 1.243 seconds (process running for 1456.67)
2024-05-12T13:50:44.426+06:30  INFO 16208 --- [EduVerse] [restartedMain] d.backend.eduverse.EduverseApplication   : Starting EduverseApplication using Java 20.0.2 with PID 16208 (D:\GitHub\EduVerse\eduverse\target\classes started by Alvin in D:\GitHub\EduVerse\eduverse)
2024-05-12T13:50:44.427+06:30 DEBUG 16208 --- [EduVerse] [restartedMain] d.backend.eduverse.EduverseApplication   : Running with Spring Boot v3.2.5, Spring v6.1.6
2024-05-12T13:50:44.427+06:30  INFO 16208 --- [EduVerse] [restartedMain] d.backend.eduverse.EduverseApplication   : The following 1 profile is active: "dev"
2024-05-12T13:50:45.683+06:30  INFO 16208 --- [EduVerse] [restartedMain] d.backend.eduverse.EduverseApplication   : Started EduverseApplication in 1.271 seconds (process running for 1507.956)
2024-05-12T13:50:50.381+06:30  INFO 16208 --- [EduVerse] [restartedMain] d.backend.eduverse.EduverseApplication   : Starting EduverseApplication using Java 20.0.2 with PID 16208 (D:\GitHub\EduVerse\eduverse\target\classes started by Alvin in D:\GitHub\EduVerse\eduverse)
2024-05-12T13:50:50.382+06:30 DEBUG 16208 --- [EduVerse] [restartedMain] d.backend.eduverse.EduverseApplication   : Running with Spring Boot v3.2.5, Spring v6.1.6
2024-05-12T13:50:50.382+06:30  INFO 16208 --- [EduVerse] [restartedMain] d.backend.eduverse.EduverseApplication   : The following 1 profile is active: "dev"
2024-05-12T13:50:51.508+06:30  INFO 16208 --- [EduVerse] [restartedMain] d.backend.eduverse.EduverseApplication   : Started EduverseApplication in 1.146 seconds (process running for 1513.781)
2024-05-12T13:50:59.296+06:30  INFO 16208 --- [EduVerse] [restartedMain] d.backend.eduverse.EduverseApplication   : Starting EduverseApplication using Java 20.0.2 with PID 16208 (D:\GitHub\EduVerse\eduverse\target\classes started by Alvin in D:\GitHub\EduVerse\eduverse)
2024-05-12T13:50:59.296+06:30 DEBUG 16208 --- [EduVerse] [restartedMain] d.backend.eduverse.EduverseApplication   : Running with Spring Boot v3.2.5, Spring v6.1.6
2024-05-12T13:50:59.296+06:30  INFO 16208 --- [EduVerse] [restartedMain] d.backend.eduverse.EduverseApplication   : The following 1 profile is active: "dev"
2024-05-12T13:51:00.510+06:30  INFO 16208 --- [EduVerse] [restartedMain] d.backend.eduverse.EduverseApplication   : Started EduverseApplication in 1.228 seconds (process running for 1522.783)
2024-05-12T13:51:40.497+06:30  INFO 16208 --- [EduVerse] [restartedMain] d.backend.eduverse.EduverseApplication   : Starting EduverseApplication using Java 20.0.2 with PID 16208 (D:\GitHub\EduVerse\eduverse\target\classes started by Alvin in D:\GitHub\EduVerse\eduverse)
2024-05-12T13:51:40.497+06:30 DEBUG 16208 --- [EduVerse] [restartedMain] d.backend.eduverse.EduverseApplication   : Running with Spring Boot v3.2.5, Spring v6.1.6
2024-05-12T13:51:40.497+06:30  INFO 16208 --- [EduVerse] [restartedMain] d.backend.eduverse.EduverseApplication   : The following 1 profile is active: "dev"
2024-05-12T13:51:41.772+06:30  INFO 16208 --- [EduVerse] [restartedMain] d.backend.eduverse.EduverseApplication   : Started EduverseApplication in 1.298 seconds (process running for 1564.046)
2024-05-12T13:53:09.224+06:30  INFO 16208 --- [EduVerse] [restartedMain] d.backend.eduverse.EduverseApplication   : Starting EduverseApplication using Java 20.0.2 with PID 16208 (D:\GitHub\EduVerse\eduverse\target\classes started by Alvin in D:\GitHub\EduVerse\eduverse)
2024-05-12T13:53:09.224+06:30 DEBUG 16208 --- [EduVerse] [restartedMain] d.backend.eduverse.EduverseApplication   : Running with Spring Boot v3.2.5, Spring v6.1.6
2024-05-12T13:53:09.225+06:30  INFO 16208 --- [EduVerse] [restartedMain] d.backend.eduverse.EduverseApplication   : The following 1 profile is active: "dev"
2024-05-12T13:53:10.133+06:30  INFO 16208 --- [EduVerse] [restartedMain] d.backend.eduverse.EduverseApplication   : Started EduverseApplication in 0.924 seconds (process running for 1652.406)
2024-05-12T14:00:18.225+06:30  INFO 28604 --- [EduVerse] [restartedMain] d.backend.eduverse.EduverseApplication   : Starting EduverseApplication using Java 20.0.2 with PID 28604 (D:\GitHub\EduVerse\eduverse\target\classes started by Alvin in D:\GitHub\EduVerse\eduverse)
2024-05-12T14:00:18.228+06:30 DEBUG 28604 --- [EduVerse] [restartedMain] d.backend.eduverse.EduverseApplication   : Running with Spring Boot v3.2.5, Spring v6.1.6
2024-05-12T14:00:18.230+06:30  INFO 28604 --- [EduVerse] [restartedMain] d.backend.eduverse.EduverseApplication   : The following 1 profile is active: "dev"
2024-05-12T14:00:35.145+06:30  INFO 28604 --- [EduVerse] [restartedMain] d.backend.eduverse.EduverseApplication   : Started EduverseApplication in 18.131 seconds (process running for 19.471)
2024-05-12T14:00:53.981+06:30  INFO 28604 --- [EduVerse] [http-nio-8080-exec-5] d.b.e.service.impl.CourseServiceImpl     : Entering the get all course process
2024-05-12T14:00:54.632+06:30  INFO 28604 --- [EduVerse] [http-nio-8080-exec-5] d.b.e.service.impl.CourseServiceImpl     : Retrieved 1 courses
2024-05-12T14:02:15.141+06:30  INFO 28604 --- [EduVerse] [http-nio-8080-exec-8] d.b.e.service.impl.CourseServiceImpl     : Entering the creation process
2024-05-12T14:02:15.173+06:30 ERROR 28604 --- [EduVerse] [http-nio-8080-exec-8] d.b.e.controller.CourseController        : Failed to create course

jakarta.persistence.EntityNotFoundException: Admin not found with ID: 1
	at dev.backend.eduverse.service.impl.CourseServiceImpl.lambda$createCourse$0(CourseServiceImpl.java:52) ~[classes/:na]
	at java.base/java.util.Optional.orElseThrow(Optional.java:403) ~[na:na]
	at dev.backend.eduverse.service.impl.CourseServiceImpl.createCourse(CourseServiceImpl.java:52) ~[classes/:na]
	at dev.backend.eduverse.controller.CourseController.createCourse(CourseController.java:64) ~[classes/:na]
	at java.base/jdk.internal.reflect.DirectMethodHandleAccessor.invoke(DirectMethodHandleAccessor.java:104) ~[na:na]
	at java.base/java.lang.reflect.Method.invoke(Method.java:578) ~[na:na]
	at org.springframework.web.method.support.InvocableHandlerMethod.doInvoke(InvocableHandlerMethod.java:255) ~[spring-web-6.1.6.jar:6.1.6]
	at org.springframework.web.method.support.InvocableHandlerMethod.invokeForRequest(InvocableHandlerMethod.java:188) ~[spring-web-6.1.6.jar:6.1.6]
	at org.springframework.web.servlet.mvc.method.annotation.ServletInvocableHandlerMethod.invokeAndHandle(ServletInvocableHandlerMethod.java:118) ~[spring-webmvc-6.1.6.jar:6.1.6]
	at org.springframework.web.servlet.mvc.method.annotation.RequestMappingHandlerAdapter.invokeHandlerMethod(RequestMappingHandlerAdapter.java:926) ~[spring-webmvc-6.1.6.jar:6.1.6]
	at org.springframework.web.servlet.mvc.method.annotation.RequestMappingHandlerAdapter.handleInternal(RequestMappingHandlerAdapter.java:831) ~[spring-webmvc-6.1.6.jar:6.1.6]
	at org.springframework.web.servlet.mvc.method.AbstractHandlerMethodAdapter.handle(AbstractHandlerMethodAdapter.java:87) ~[spring-webmvc-6.1.6.jar:6.1.6]
	at org.springframework.web.servlet.DispatcherServlet.doDispatch(DispatcherServlet.java:1089) ~[spring-webmvc-6.1.6.jar:6.1.6]
	at org.springframework.web.servlet.DispatcherServlet.doService(DispatcherServlet.java:979) ~[spring-webmvc-6.1.6.jar:6.1.6]
	at org.springframework.web.servlet.FrameworkServlet.processRequest(FrameworkServlet.java:1014) ~[spring-webmvc-6.1.6.jar:6.1.6]
	at org.springframework.web.servlet.FrameworkServlet.doPost(FrameworkServlet.java:914) ~[spring-webmvc-6.1.6.jar:6.1.6]
	at jakarta.servlet.http.HttpServlet.service(HttpServlet.java:590) ~[tomcat-embed-core-10.1.20.jar:6.0]
	at org.springframework.web.servlet.FrameworkServlet.service(FrameworkServlet.java:885) ~[spring-webmvc-6.1.6.jar:6.1.6]
	at jakarta.servlet.http.HttpServlet.service(HttpServlet.java:658) ~[tomcat-embed-core-10.1.20.jar:6.0]
	at org.apache.catalina.core.ApplicationFilterChain.internalDoFilter(ApplicationFilterChain.java:206) ~[tomcat-embed-core-10.1.20.jar:10.1.20]
	at org.apache.catalina.core.ApplicationFilterChain.doFilter(ApplicationFilterChain.java:150) ~[tomcat-embed-core-10.1.20.jar:10.1.20]
	at org.apache.tomcat.websocket.server.WsFilter.doFilter(WsFilter.java:51) ~[tomcat-embed-websocket-10.1.20.jar:10.1.20]
	at org.apache.catalina.core.ApplicationFilterChain.internalDoFilter(ApplicationFilterChain.java:175) ~[tomcat-embed-core-10.1.20.jar:10.1.20]
	at org.apache.catalina.core.ApplicationFilterChain.doFilter(ApplicationFilterChain.java:150) ~[tomcat-embed-core-10.1.20.jar:10.1.20]
	at org.springframework.web.filter.RequestContextFilter.doFilterInternal(RequestContextFilter.java:100) ~[spring-web-6.1.6.jar:6.1.6]
	at org.springframework.web.filter.OncePerRequestFilter.doFilter(OncePerRequestFilter.java:116) ~[spring-web-6.1.6.jar:6.1.6]
	at org.apache.catalina.core.ApplicationFilterChain.internalDoFilter(ApplicationFilterChain.java:175) ~[tomcat-embed-core-10.1.20.jar:10.1.20]
	at org.apache.catalina.core.ApplicationFilterChain.doFilter(ApplicationFilterChain.java:150) ~[tomcat-embed-core-10.1.20.jar:10.1.20]
	at org.springframework.web.filter.FormContentFilter.doFilterInternal(FormContentFilter.java:93) ~[spring-web-6.1.6.jar:6.1.6]
	at org.springframework.web.filter.OncePerRequestFilter.doFilter(OncePerRequestFilter.java:116) ~[spring-web-6.1.6.jar:6.1.6]
	at org.apache.catalina.core.ApplicationFilterChain.internalDoFilter(ApplicationFilterChain.java:175) ~[tomcat-embed-core-10.1.20.jar:10.1.20]
	at org.apache.catalina.core.ApplicationFilterChain.doFilter(ApplicationFilterChain.java:150) ~[tomcat-embed-core-10.1.20.jar:10.1.20]
	at org.springframework.web.filter.ServerHttpObservationFilter.doFilterInternal(ServerHttpObservationFilter.java:109) ~[spring-web-6.1.6.jar:6.1.6]
	at org.springframework.web.filter.OncePerRequestFilter.doFilter(OncePerRequestFilter.java:116) ~[spring-web-6.1.6.jar:6.1.6]
	at org.apache.catalina.core.ApplicationFilterChain.internalDoFilter(ApplicationFilterChain.java:175) ~[tomcat-embed-core-10.1.20.jar:10.1.20]
	at org.apache.catalina.core.ApplicationFilterChain.doFilter(ApplicationFilterChain.java:150) ~[tomcat-embed-core-10.1.20.jar:10.1.20]
	at org.springframework.web.filter.CharacterEncodingFilter.doFilterInternal(CharacterEncodingFilter.java:201) ~[spring-web-6.1.6.jar:6.1.6]
	at org.springframework.web.filter.OncePerRequestFilter.doFilter(OncePerRequestFilter.java:116) ~[spring-web-6.1.6.jar:6.1.6]
	at org.apache.catalina.core.ApplicationFilterChain.internalDoFilter(ApplicationFilterChain.java:175) ~[tomcat-embed-core-10.1.20.jar:10.1.20]
	at org.apache.catalina.core.ApplicationFilterChain.doFilter(ApplicationFilterChain.java:150) ~[tomcat-embed-core-10.1.20.jar:10.1.20]
	at org.apache.catalina.core.StandardWrapperValve.invoke(StandardWrapperValve.java:167) ~[tomcat-embed-core-10.1.20.jar:10.1.20]
	at org.apache.catalina.core.StandardContextValve.invoke(StandardContextValve.java:90) ~[tomcat-embed-core-10.1.20.jar:10.1.20]
	at org.apache.catalina.authenticator.AuthenticatorBase.invoke(AuthenticatorBase.java:482) ~[tomcat-embed-core-10.1.20.jar:10.1.20]
	at org.apache.catalina.core.StandardHostValve.invoke(StandardHostValve.java:115) ~[tomcat-embed-core-10.1.20.jar:10.1.20]
	at org.apache.catalina.valves.ErrorReportValve.invoke(ErrorReportValve.java:93) ~[tomcat-embed-core-10.1.20.jar:10.1.20]
	at org.apache.catalina.core.StandardEngineValve.invoke(StandardEngineValve.java:74) ~[tomcat-embed-core-10.1.20.jar:10.1.20]
	at org.apache.catalina.connector.CoyoteAdapter.service(CoyoteAdapter.java:344) ~[tomcat-embed-core-10.1.20.jar:10.1.20]
	at org.apache.coyote.http11.Http11Processor.service(Http11Processor.java:391) ~[tomcat-embed-core-10.1.20.jar:10.1.20]
	at org.apache.coyote.AbstractProcessorLight.process(AbstractProcessorLight.java:63) ~[tomcat-embed-core-10.1.20.jar:10.1.20]
	at org.apache.coyote.AbstractProtocol$ConnectionHandler.process(AbstractProtocol.java:896) ~[tomcat-embed-core-10.1.20.jar:10.1.20]
	at org.apache.tomcat.util.net.NioEndpoint$SocketProcessor.doRun(NioEndpoint.java:1736) ~[tomcat-embed-core-10.1.20.jar:10.1.20]
	at org.apache.tomcat.util.net.SocketProcessorBase.run(SocketProcessorBase.java:52) ~[tomcat-embed-core-10.1.20.jar:10.1.20]
	at org.apache.tomcat.util.threads.ThreadPoolExecutor.runWorker(ThreadPoolExecutor.java:1191) ~[tomcat-embed-core-10.1.20.jar:10.1.20]
	at org.apache.tomcat.util.threads.ThreadPoolExecutor$Worker.run(ThreadPoolExecutor.java:659) ~[tomcat-embed-core-10.1.20.jar:10.1.20]
	at org.apache.tomcat.util.threads.TaskThread$WrappingRunnable.run(TaskThread.java:63) ~[tomcat-embed-core-10.1.20.jar:10.1.20]
	at java.base/java.lang.Thread.run(Thread.java:1623) ~[na:na]

2024-05-12T14:02:31.390+06:30  INFO 28604 --- [EduVerse] [http-nio-8080-exec-9] d.b.e.service.impl.CourseServiceImpl     : Entering the creation process
2024-05-12T14:02:31.926+06:30  INFO 28604 --- [EduVerse] [http-nio-8080-exec-9] d.b.e.service.impl.CourseServiceImpl     : Course created successfully
2024-05-12T14:02:54.054+06:30  INFO 28604 --- [EduVerse] [http-nio-8080-exec-1] d.b.e.service.impl.CourseServiceImpl     : Entering the creation process
2024-05-12T14:02:54.103+06:30  INFO 28604 --- [EduVerse] [http-nio-8080-exec-1] d.b.e.service.impl.CourseServiceImpl     : Course created successfully
2024-05-12T14:03:01.597+06:30  INFO 28604 --- [EduVerse] [http-nio-8080-exec-2] d.b.e.service.impl.CourseServiceImpl     : Entering the creation process
2024-05-12T14:03:01.655+06:30  INFO 28604 --- [EduVerse] [http-nio-8080-exec-2] d.b.e.service.impl.CourseServiceImpl     : Course created successfully
2024-05-12T14:03:06.886+06:30  INFO 28604 --- [EduVerse] [http-nio-8080-exec-3] d.b.e.service.impl.CourseServiceImpl     : Entering the get all course process
2024-05-12T14:03:06.905+06:30  INFO 28604 --- [EduVerse] [http-nio-8080-exec-3] d.b.e.service.impl.CourseServiceImpl     : Retrieved 1 courses
2024-05-12T14:04:13.837+06:30  INFO 28604 --- [EduVerse] [http-nio-8080-exec-5] d.b.e.service.impl.CourseServiceImpl     : Entering the creation process
2024-05-12T14:04:13.877+06:30  INFO 28604 --- [EduVerse] [http-nio-8080-exec-5] d.b.e.service.impl.CourseServiceImpl     : Course created successfully
2024-05-12T14:05:07.205+06:30  INFO 28604 --- [EduVerse] [http-nio-8080-exec-6] d.b.e.service.impl.CourseServiceImpl     : Entering the creation process
2024-05-12T14:05:07.235+06:30  INFO 28604 --- [EduVerse] [http-nio-8080-exec-6] d.b.e.service.impl.CourseServiceImpl     : Course created successfully
2024-05-12T14:12:09.025+06:30  INFO 28604 --- [EduVerse] [restartedMain] d.backend.eduverse.EduverseApplication   : Starting EduverseApplication using Java 20.0.2 with PID 28604 (D:\GitHub\EduVerse\eduverse\target\classes started by Alvin in D:\GitHub\EduVerse\eduverse)
2024-05-12T14:12:09.026+06:30 DEBUG 28604 --- [EduVerse] [restartedMain] d.backend.eduverse.EduverseApplication   : Running with Spring Boot v3.2.5, Spring v6.1.6
2024-05-12T14:12:09.026+06:30  INFO 28604 --- [EduVerse] [restartedMain] d.backend.eduverse.EduverseApplication   : The following 1 profile is active: "dev"
2024-05-12T14:12:11.301+06:30  INFO 28604 --- [EduVerse] [restartedMain] d.backend.eduverse.EduverseApplication   : Started EduverseApplication in 2.33 seconds (process running for 715.628)
2024-05-12T14:12:20.110+06:30  INFO 28604 --- [EduVerse] [restartedMain] d.backend.eduverse.EduverseApplication   : Starting EduverseApplication using Java 20.0.2 with PID 28604 (D:\GitHub\EduVerse\eduverse\target\classes started by Alvin in D:\GitHub\EduVerse\eduverse)
2024-05-12T14:12:20.111+06:30 DEBUG 28604 --- [EduVerse] [restartedMain] d.backend.eduverse.EduverseApplication   : Running with Spring Boot v3.2.5, Spring v6.1.6
2024-05-12T14:12:20.111+06:30  INFO 28604 --- [EduVerse] [restartedMain] d.backend.eduverse.EduverseApplication   : The following 1 profile is active: "dev"
2024-05-12T14:13:05.506+06:30  INFO 25976 --- [EduVerse] [restartedMain] d.backend.eduverse.EduverseApplication   : Starting EduverseApplication using Java 20.0.2 with PID 25976 (D:\GitHub\EduVerse\eduverse\target\classes started by Alvin in D:\GitHub\EduVerse\eduverse)
2024-05-12T14:13:05.510+06:30 DEBUG 25976 --- [EduVerse] [restartedMain] d.backend.eduverse.EduverseApplication   : Running with Spring Boot v3.2.5, Spring v6.1.6
2024-05-12T14:13:05.516+06:30  INFO 25976 --- [EduVerse] [restartedMain] d.backend.eduverse.EduverseApplication   : The following 1 profile is active: "dev"
2024-05-12T14:13:19.597+06:30  INFO 25976 --- [EduVerse] [restartedMain] d.backend.eduverse.EduverseApplication   : Started EduverseApplication in 14.601 seconds (process running for 15.228)
2024-05-12T14:15:01.030+06:30  INFO 25976 --- [EduVerse] [http-nio-8080-exec-5] d.b.e.service.impl.AdminRoleServiceImpl  : Entering the creation process
2024-05-12T14:15:01.265+06:30  INFO 25976 --- [EduVerse] [http-nio-8080-exec-5] d.b.e.service.impl.AdminRoleServiceImpl  : AdminRole created successfully
2024-05-12T14:15:33.356+06:30  INFO 25976 --- [EduVerse] [http-nio-8080-exec-7] d.b.e.service.impl.AdminRoleServiceImpl  : Entering the creation process
2024-05-12T14:15:33.387+06:30  INFO 25976 --- [EduVerse] [http-nio-8080-exec-7] d.b.e.service.impl.AdminRoleServiceImpl  : AdminRole created successfully
2024-05-12T14:15:52.733+06:30  INFO 25976 --- [EduVerse] [http-nio-8080-exec-8] d.b.e.service.impl.AdminRoleServiceImpl  : Entering the creation process
2024-05-12T14:15:52.765+06:30  INFO 25976 --- [EduVerse] [http-nio-8080-exec-8] d.b.e.service.impl.AdminRoleServiceImpl  : AdminRole created successfully
2024-05-12T14:16:02.242+06:30  INFO 25976 --- [EduVerse] [http-nio-8080-exec-9] d.b.e.service.impl.AdminRoleServiceImpl  : Entering the creation process
2024-05-12T14:16:02.273+06:30  INFO 25976 --- [EduVerse] [http-nio-8080-exec-9] d.b.e.service.impl.AdminRoleServiceImpl  : AdminRole created successfully
2024-05-12T14:16:59.414+06:30  INFO 25976 --- [EduVerse] [http-nio-8080-exec-10] d.b.e.service.impl.AdminRoleServiceImpl  : Updating adminRole with ID: 2
2024-05-12T14:16:59.838+06:30  INFO 25976 --- [EduVerse] [http-nio-8080-exec-10] d.b.e.service.impl.AdminRoleServiceImpl  : ADMIN role updated successfully
2024-05-12T14:17:23.670+06:30  INFO 25976 --- [EduVerse] [http-nio-8080-exec-2] d.b.e.service.impl.AdminRoleServiceImpl  : Deleting adminRole with ID: 4
2024-05-12T14:17:23.751+06:30  INFO 25976 --- [EduVerse] [http-nio-8080-exec-2] d.b.e.service.impl.AdminRoleServiceImpl  : ADMIN rolenRole deleted successfully
2024-05-12T14:18:11.990+06:30  INFO 25976 --- [EduVerse] [http-nio-8080-exec-3] d.b.e.service.impl.PathwayServiceImpl    : Entering the creation process
2024-05-12T14:18:12.506+06:30  INFO 25976 --- [EduVerse] [http-nio-8080-exec-3] d.b.e.service.impl.PathwayServiceImpl    : Pathway created successfully
2024-05-12T14:18:15.308+06:30  INFO 25976 --- [EduVerse] [http-nio-8080-exec-1] d.b.e.service.impl.PathwayServiceImpl    : Entering the creation process
2024-05-12T14:18:15.324+06:30 ERROR 25976 --- [EduVerse] [http-nio-8080-exec-1] d.b.e.service.impl.PathwayServiceImpl    : Pathway with name 'frontend development' already exists
2024-05-12T14:18:27.982+06:30  INFO 25976 --- [EduVerse] [http-nio-8080-exec-4] d.b.e.service.impl.PathwayServiceImpl    : Entering the creation process
2024-05-12T14:18:28.029+06:30  INFO 25976 --- [EduVerse] [http-nio-8080-exec-4] d.b.e.service.impl.PathwayServiceImpl    : Pathway created successfully
2024-05-12T14:18:31.275+06:30  INFO 25976 --- [EduVerse] [http-nio-8080-exec-5] d.b.e.service.impl.PathwayServiceImpl    : Entering the creation process
2024-05-12T14:18:31.275+06:30 ERROR 25976 --- [EduVerse] [http-nio-8080-exec-5] d.b.e.service.impl.PathwayServiceImpl    : Pathway with name 'backend development' already exists
2024-05-12T14:19:22.309+06:30  INFO 25976 --- [EduVerse] [http-nio-8080-exec-6] d.b.e.service.impl.PathwayServiceImpl    : Updating pathway with ID: 1
2024-05-12T14:19:22.356+06:30  INFO 25976 --- [EduVerse] [http-nio-8080-exec-6] d.b.e.service.impl.PathwayServiceImpl    : Pathway updated successfully
2024-05-12T14:19:46.250+06:30  INFO 25976 --- [EduVerse] [http-nio-8080-exec-7] d.b.e.service.impl.PathwayServiceImpl    : Entering the get all pathway process
2024-05-12T14:19:46.312+06:30  INFO 25976 --- [EduVerse] [http-nio-8080-exec-7] d.b.e.service.impl.PathwayServiceImpl    : Retrieved 2 pathways
2024-05-12T14:20:03.171+06:30  INFO 25976 --- [EduVerse] [http-nio-8080-exec-8] d.b.e.service.impl.PathwayServiceImpl    : Deleting pathway with ID: 2
2024-05-12T14:20:03.218+06:30  INFO 25976 --- [EduVerse] [http-nio-8080-exec-8] d.b.e.service.impl.PathwayServiceImpl    : Pathway deleted successfully
2024-05-12T14:20:07.743+06:30  INFO 25976 --- [EduVerse] [http-nio-8080-exec-9] d.b.e.service.impl.PathwayServiceImpl    : Deleting pathway with ID: 2
2024-05-12T14:20:07.774+06:30  WARN 25976 --- [EduVerse] [http-nio-8080-exec-9] d.b.e.service.impl.PathwayServiceImpl    : Pathway not found with ID: 2
2024-05-12T14:20:36.765+06:30  INFO 25976 --- [EduVerse] [http-nio-8080-exec-10] d.b.e.service.impl.CourseServiceImpl     : Entering the get all course process
2024-05-12T14:20:36.781+06:30  INFO 25976 --- [EduVerse] [http-nio-8080-exec-10] d.b.e.service.impl.CourseServiceImpl     : Retrieved 0 courses
2024-05-12T14:23:10.854+06:30 ERROR 25976 --- [EduVerse] [http-nio-8080-exec-1] o.h.engine.jdbc.spi.SqlExceptionHelper   : Duplicate entry 'alvin@gmail.com' for key 'admin.UK_c0r9atamxvbhjjvy5j8da1kam'
2024-05-12T14:23:34.253+06:30 ERROR 25976 --- [EduVerse] [http-nio-8080-exec-4] o.h.engine.jdbc.spi.SqlExceptionHelper   : Duplicate entry '715 967 752' for key 'admin.UK_ema32g9ju0a46v3ovs4d2imte'
2024-05-12T14:23:45.073+06:30 ERROR 25976 --- [EduVerse] [http-nio-8080-exec-5] o.h.engine.jdbc.spi.SqlExceptionHelper   : Duplicate entry '715 967 752' for key 'admin.UK_ema32g9ju0a46v3ovs4d2imte'
2024-05-12T14:24:11.303+06:30 ERROR 25976 --- [EduVerse] [http-nio-8080-exec-7] o.h.engine.jdbc.spi.SqlExceptionHelper   : Duplicate entry 'alvin1@gmail.com' for key 'admin.UK_c0r9atamxvbhjjvy5j8da1kam'
2024-05-12T14:24:16.517+06:30 ERROR 25976 --- [EduVerse] [http-nio-8080-exec-8] o.h.engine.jdbc.spi.SqlExceptionHelper   : Duplicate entry 'alvin1@gmail.com' for key 'admin.UK_c0r9atamxvbhjjvy5j8da1kam'
2024-05-12T14:25:29.965+06:30  INFO 25976 --- [EduVerse] [http-nio-8080-exec-9] d.b.e.service.impl.CourseServiceImpl     : Entering the creation process
2024-05-12T14:25:30.090+06:30  INFO 25976 --- [EduVerse] [http-nio-8080-exec-9] d.b.e.service.impl.CourseServiceImpl     : Course created successfully
2024-05-12T14:25:40.070+06:30  INFO 25976 --- [EduVerse] [http-nio-8080-exec-10] d.b.e.service.impl.CourseServiceImpl     : Entering the creation process
2024-05-12T14:25:40.149+06:30  INFO 25976 --- [EduVerse] [http-nio-8080-exec-10] d.b.e.service.impl.CourseServiceImpl     : Course created successfully
2024-05-12T14:26:20.402+06:30  INFO 25976 --- [EduVerse] [http-nio-8080-exec-2] d.b.e.service.impl.CourseServiceImpl     : Entering the get all course process
2024-05-12T14:26:20.434+06:30  INFO 25976 --- [EduVerse] [http-nio-8080-exec-2] d.b.e.service.impl.CourseServiceImpl     : Retrieved 1 courses
2024-05-12T14:26:30.042+06:30  INFO 25976 --- [EduVerse] [http-nio-8080-exec-3] d.b.e.service.impl.CourseServiceImpl     : Deleting course with ID: 1
2024-05-12T14:26:30.120+06:30  INFO 25976 --- [EduVerse] [http-nio-8080-exec-3] d.b.e.service.impl.CourseServiceImpl     : Course deleted successfully
