2024-05-11T00:01:18.041+06:30  INFO 16224 --- [EduVerse] [restartedMain] d.backend.eduverse.EduverseApplication   : Starting EduverseApplication using Java 17.0.1 with PID 16224 (C:\Users\DELL\Desktop\KZHEduverse\EduVerse\eduverse\target\classes started by DELL in C:\Users\DELL\Desktop\KZHEduverse\EduVerse\eduverse)
2024-05-11T00:01:18.048+06:30 DEBUG 16224 --- [EduVerse] [restartedMain] d.backend.eduverse.EduverseApplication   : Running with Spring Boot v3.2.5, Spring v6.1.6
2024-05-11T00:01:18.052+06:30  INFO 16224 --- [EduVerse] [restartedMain] d.backend.eduverse.EduverseApplication   : The following 1 profile is active: "dev"
2024-05-11T00:01:28.436+06:30  INFO 16224 --- [EduVerse] [restartedMain] d.backend.eduverse.EduverseApplication   : Started EduverseApplication in 11.212 seconds (process running for 12.72)
2024-05-11T00:02:04.104+06:30 ERROR 16224 --- [EduVerse] [http-nio-8080-exec-4] o.h.engine.jdbc.spi.SqlExceptionHelper   : Cannot delete or update a parent row: a foreign key constraint fails (`eduverse_db`.`course`, CONSTRAINT `course_ibfk_1` FOREIGN KEY (`admin_id`) REFERENCES `admin` (`id`))
2024-05-11T00:05:01.357+06:30  INFO 8408 --- [EduVerse] [restartedMain] d.backend.eduverse.EduverseApplication   : Starting EduverseApplication using Java 17.0.1 with PID 8408 (C:\Users\DELL\Desktop\KZHEduverse\EduVerse\eduverse\target\classes started by DELL in C:\Users\DELL\Desktop\KZHEduverse\EduVerse\eduverse)
2024-05-11T00:05:01.360+06:30 DEBUG 8408 --- [EduVerse] [restartedMain] d.backend.eduverse.EduverseApplication   : Running with Spring Boot v3.2.5, Spring v6.1.6
2024-05-11T00:05:01.362+06:30  INFO 8408 --- [EduVerse] [restartedMain] d.backend.eduverse.EduverseApplication   : The following 1 profile is active: "dev"
2024-05-11T00:05:12.005+06:30  INFO 8408 --- [EduVerse] [restartedMain] d.backend.eduverse.EduverseApplication   : Started EduverseApplication in 11.392 seconds (process running for 12.623)
2024-05-11T00:05:28.041+06:30 ERROR 8408 --- [EduVerse] [http-nio-8080-exec-5] o.h.engine.jdbc.spi.SqlExceptionHelper   : Cannot delete or update a parent row: a foreign key constraint fails (`eduverse_db`.`course`, CONSTRAINT `course_ibfk_1` FOREIGN KEY (`admin_id`) REFERENCES `admin` (`id`))
2024-05-11T00:08:14.277+06:30  INFO 4436 --- [EduVerse] [restartedMain] d.backend.eduverse.EduverseApplication   : Starting EduverseApplication using Java 17.0.1 with PID 4436 (C:\Users\DELL\Desktop\KZHEduverse\EduVerse\eduverse\target\classes started by DELL in C:\Users\DELL\Desktop\KZHEduverse\EduVerse\eduverse)
2024-05-11T00:08:14.280+06:30 DEBUG 4436 --- [EduVerse] [restartedMain] d.backend.eduverse.EduverseApplication   : Running with Spring Boot v3.2.5, Spring v6.1.6
2024-05-11T00:08:14.282+06:30  INFO 4436 --- [EduVerse] [restartedMain] d.backend.eduverse.EduverseApplication   : The following 1 profile is active: "dev"
2024-05-11T00:08:23.476+06:30  INFO 4436 --- [EduVerse] [restartedMain] d.backend.eduverse.EduverseApplication   : Started EduverseApplication in 9.924 seconds (process running for 11.125)
2024-05-11T20:49:51.063+06:30  INFO 5812 --- [EduVerse] [restartedMain] d.backend.eduverse.EduverseApplication   : Starting EduverseApplication using Java 20.0.2 with PID 5812 (D:\GitHub\EduVerse\eduverse\target\classes started by Alvin in D:\GitHub\EduVerse\eduverse)
2024-05-11T20:49:51.066+06:30 DEBUG 5812 --- [EduVerse] [restartedMain] d.backend.eduverse.EduverseApplication   : Running with Spring Boot v3.2.5, Spring v6.1.6
2024-05-11T20:49:51.067+06:30  INFO 5812 --- [EduVerse] [restartedMain] d.backend.eduverse.EduverseApplication   : The following 1 profile is active: "dev"
2024-05-11T20:49:59.247+06:30  INFO 5812 --- [EduVerse] [restartedMain] d.backend.eduverse.EduverseApplication   : Started EduverseApplication in 8.629 seconds (process running for 9.132)
2024-05-11T20:51:37.394+06:30  INFO 5812 --- [EduVerse] [restartedMain] d.backend.eduverse.EduverseApplication   : Starting EduverseApplication using Java 20.0.2 with PID 5812 (D:\GitHub\EduVerse\eduverse\target\classes started by Alvin in D:\GitHub\EduVerse\eduverse)
2024-05-11T20:51:37.395+06:30 DEBUG 5812 --- [EduVerse] [restartedMain] d.backend.eduverse.EduverseApplication   : Running with Spring Boot v3.2.5, Spring v6.1.6
2024-05-11T20:51:37.395+06:30  INFO 5812 --- [EduVerse] [restartedMain] d.backend.eduverse.EduverseApplication   : The following 1 profile is active: "dev"
2024-05-11T20:51:39.233+06:30  INFO 5812 --- [EduVerse] [restartedMain] d.backend.eduverse.EduverseApplication   : Started EduverseApplication in 1.868 seconds (process running for 109.119)
2024-05-11T20:51:44.871+06:30  INFO 5812 --- [EduVerse] [restartedMain] d.backend.eduverse.EduverseApplication   : Starting EduverseApplication using Java 20.0.2 with PID 5812 (D:\GitHub\EduVerse\eduverse\target\classes started by Alvin in D:\GitHub\EduVerse\eduverse)
2024-05-11T20:51:44.871+06:30 DEBUG 5812 --- [EduVerse] [restartedMain] d.backend.eduverse.EduverseApplication   : Running with Spring Boot v3.2.5, Spring v6.1.6
2024-05-11T20:51:44.871+06:30  INFO 5812 --- [EduVerse] [restartedMain] d.backend.eduverse.EduverseApplication   : The following 1 profile is active: "dev"
2024-05-11T20:51:46.471+06:30  INFO 5812 --- [EduVerse] [restartedMain] d.backend.eduverse.EduverseApplication   : Started EduverseApplication in 1.622 seconds (process running for 116.357)
2024-05-11T20:52:01.412+06:30  INFO 5812 --- [EduVerse] [restartedMain] d.backend.eduverse.EduverseApplication   : Starting EduverseApplication using Java 20.0.2 with PID 5812 (D:\GitHub\EduVerse\eduverse\target\classes started by Alvin in D:\GitHub\EduVerse\eduverse)
2024-05-11T20:52:01.413+06:30 DEBUG 5812 --- [EduVerse] [restartedMain] d.backend.eduverse.EduverseApplication   : Running with Spring Boot v3.2.5, Spring v6.1.6
2024-05-11T20:52:01.413+06:30  INFO 5812 --- [EduVerse] [restartedMain] d.backend.eduverse.EduverseApplication   : The following 1 profile is active: "dev"
2024-05-11T20:52:02.834+06:30  INFO 5812 --- [EduVerse] [restartedMain] d.backend.eduverse.EduverseApplication   : Started EduverseApplication in 1.442 seconds (process running for 132.721)
2024-05-11T20:55:37.411+06:30  INFO 5812 --- [EduVerse] [restartedMain] d.backend.eduverse.EduverseApplication   : Starting EduverseApplication using Java 20.0.2 with PID 5812 (D:\GitHub\EduVerse\eduverse\target\classes started by Alvin in D:\GitHub\EduVerse\eduverse)
2024-05-11T20:55:37.412+06:30 DEBUG 5812 --- [EduVerse] [restartedMain] d.backend.eduverse.EduverseApplication   : Running with Spring Boot v3.2.5, Spring v6.1.6
2024-05-11T20:55:37.412+06:30  INFO 5812 --- [EduVerse] [restartedMain] d.backend.eduverse.EduverseApplication   : The following 1 profile is active: "dev"
2024-05-11T20:55:38.589+06:30  INFO 5812 --- [EduVerse] [restartedMain] d.backend.eduverse.EduverseApplication   : Started EduverseApplication in 1.195 seconds (process running for 348.477)
2024-05-11T20:56:06.441+06:30  INFO 5812 --- [EduVerse] [restartedMain] d.backend.eduverse.EduverseApplication   : Starting EduverseApplication using Java 20.0.2 with PID 5812 (D:\GitHub\EduVerse\eduverse\target\classes started by Alvin in D:\GitHub\EduVerse\eduverse)
2024-05-11T20:56:06.441+06:30 DEBUG 5812 --- [EduVerse] [restartedMain] d.backend.eduverse.EduverseApplication   : Running with Spring Boot v3.2.5, Spring v6.1.6
2024-05-11T20:56:06.441+06:30  INFO 5812 --- [EduVerse] [restartedMain] d.backend.eduverse.EduverseApplication   : The following 1 profile is active: "dev"
2024-05-11T20:56:07.597+06:30  INFO 5812 --- [EduVerse] [restartedMain] d.backend.eduverse.EduverseApplication   : Started EduverseApplication in 1.174 seconds (process running for 377.483)
2024-05-11T20:56:20.427+06:30  INFO 5812 --- [EduVerse] [restartedMain] d.backend.eduverse.EduverseApplication   : Starting EduverseApplication using Java 20.0.2 with PID 5812 (D:\GitHub\EduVerse\eduverse\target\classes started by Alvin in D:\GitHub\EduVerse\eduverse)
2024-05-11T20:56:20.428+06:30 DEBUG 5812 --- [EduVerse] [restartedMain] d.backend.eduverse.EduverseApplication   : Running with Spring Boot v3.2.5, Spring v6.1.6
2024-05-11T20:56:20.428+06:30  INFO 5812 --- [EduVerse] [restartedMain] d.backend.eduverse.EduverseApplication   : The following 1 profile is active: "dev"
2024-05-11T20:56:21.526+06:30  INFO 5812 --- [EduVerse] [restartedMain] d.backend.eduverse.EduverseApplication   : Started EduverseApplication in 1.115 seconds (process running for 391.412)
2024-05-11T20:56:33.360+06:30  INFO 5812 --- [EduVerse] [restartedMain] d.backend.eduverse.EduverseApplication   : Starting EduverseApplication using Java 20.0.2 with PID 5812 (D:\GitHub\EduVerse\eduverse\target\classes started by Alvin in D:\GitHub\EduVerse\eduverse)
2024-05-11T20:56:33.361+06:30 DEBUG 5812 --- [EduVerse] [restartedMain] d.backend.eduverse.EduverseApplication   : Running with Spring Boot v3.2.5, Spring v6.1.6
2024-05-11T20:56:33.361+06:30  INFO 5812 --- [EduVerse] [restartedMain] d.backend.eduverse.EduverseApplication   : The following 1 profile is active: "dev"
2024-05-11T20:56:34.603+06:30  INFO 5812 --- [EduVerse] [restartedMain] d.backend.eduverse.EduverseApplication   : Started EduverseApplication in 1.26 seconds (process running for 404.489)
2024-05-11T20:56:54.673+06:30  INFO 5812 --- [EduVerse] [restartedMain] d.backend.eduverse.EduverseApplication   : Starting EduverseApplication using Java 20.0.2 with PID 5812 (D:\GitHub\EduVerse\eduverse\target\classes started by Alvin in D:\GitHub\EduVerse\eduverse)
2024-05-11T20:56:54.674+06:30 DEBUG 5812 --- [EduVerse] [restartedMain] d.backend.eduverse.EduverseApplication   : Running with Spring Boot v3.2.5, Spring v6.1.6
2024-05-11T20:56:54.674+06:30  INFO 5812 --- [EduVerse] [restartedMain] d.backend.eduverse.EduverseApplication   : The following 1 profile is active: "dev"
2024-05-11T20:56:55.694+06:30  INFO 5812 --- [EduVerse] [restartedMain] d.backend.eduverse.EduverseApplication   : Started EduverseApplication in 1.035 seconds (process running for 425.581)
2024-05-11T20:57:40.242+06:30  INFO 5812 --- [EduVerse] [restartedMain] d.backend.eduverse.EduverseApplication   : Starting EduverseApplication using Java 20.0.2 with PID 5812 (D:\GitHub\EduVerse\eduverse\target\classes started by Alvin in D:\GitHub\EduVerse\eduverse)
2024-05-11T20:57:40.242+06:30 DEBUG 5812 --- [EduVerse] [restartedMain] d.backend.eduverse.EduverseApplication   : Running with Spring Boot v3.2.5, Spring v6.1.6
2024-05-11T20:57:40.242+06:30  INFO 5812 --- [EduVerse] [restartedMain] d.backend.eduverse.EduverseApplication   : The following 1 profile is active: "dev"
2024-05-11T20:57:41.268+06:30  INFO 5812 --- [EduVerse] [restartedMain] d.backend.eduverse.EduverseApplication   : Started EduverseApplication in 1.045 seconds (process running for 471.154)
2024-05-11T20:57:46.928+06:30  INFO 5812 --- [EduVerse] [restartedMain] d.backend.eduverse.EduverseApplication   : Starting EduverseApplication using Java 20.0.2 with PID 5812 (D:\GitHub\EduVerse\eduverse\target\classes started by Alvin in D:\GitHub\EduVerse\eduverse)
2024-05-11T20:57:46.928+06:30 DEBUG 5812 --- [EduVerse] [restartedMain] d.backend.eduverse.EduverseApplication   : Running with Spring Boot v3.2.5, Spring v6.1.6
2024-05-11T20:57:46.928+06:30  INFO 5812 --- [EduVerse] [restartedMain] d.backend.eduverse.EduverseApplication   : The following 1 profile is active: "dev"
2024-05-11T20:57:48.170+06:30  INFO 5812 --- [EduVerse] [restartedMain] d.backend.eduverse.EduverseApplication   : Started EduverseApplication in 1.262 seconds (process running for 478.057)
2024-05-11T20:58:11.309+06:30  INFO 5812 --- [EduVerse] [restartedMain] d.backend.eduverse.EduverseApplication   : Starting EduverseApplication using Java 20.0.2 with PID 5812 (D:\GitHub\EduVerse\eduverse\target\classes started by Alvin in D:\GitHub\EduVerse\eduverse)
2024-05-11T20:58:11.309+06:30 DEBUG 5812 --- [EduVerse] [restartedMain] d.backend.eduverse.EduverseApplication   : Running with Spring Boot v3.2.5, Spring v6.1.6
2024-05-11T20:58:11.309+06:30  INFO 5812 --- [EduVerse] [restartedMain] d.backend.eduverse.EduverseApplication   : The following 1 profile is active: "dev"
2024-05-11T20:58:12.578+06:30  INFO 5812 --- [EduVerse] [restartedMain] d.backend.eduverse.EduverseApplication   : Started EduverseApplication in 1.285 seconds (process running for 502.464)
2024-05-11T20:58:37.994+06:30  INFO 5812 --- [EduVerse] [http-nio-8080-exec-6] d.b.e.service.impl.PathwayServiceImpl    : Entering the get all pathway process
2024-05-11T20:58:38.014+06:30  INFO 5812 --- [EduVerse] [http-nio-8080-exec-6] d.b.e.service.impl.PathwayServiceImpl    : Retrieved 0 pathways
2024-05-11T21:01:01.629+06:30  INFO 5812 --- [EduVerse] [restartedMain] d.backend.eduverse.EduverseApplication   : Starting EduverseApplication using Java 20.0.2 with PID 5812 (D:\GitHub\EduVerse\eduverse\target\classes started by Alvin in D:\GitHub\EduVerse\eduverse)
2024-05-11T21:01:01.629+06:30 DEBUG 5812 --- [EduVerse] [restartedMain] d.backend.eduverse.EduverseApplication   : Running with Spring Boot v3.2.5, Spring v6.1.6
2024-05-11T21:01:01.629+06:30  INFO 5812 --- [EduVerse] [restartedMain] d.backend.eduverse.EduverseApplication   : The following 1 profile is active: "dev"
2024-05-11T21:01:02.576+06:30  INFO 5812 --- [EduVerse] [restartedMain] d.backend.eduverse.EduverseApplication   : Started EduverseApplication in 0.963 seconds (process running for 672.462)
2024-05-11T21:01:19.678+06:30  INFO 5812 --- [EduVerse] [restartedMain] d.backend.eduverse.EduverseApplication   : Starting EduverseApplication using Java 20.0.2 with PID 5812 (D:\GitHub\EduVerse\eduverse\target\classes started by Alvin in D:\GitHub\EduVerse\eduverse)
2024-05-11T21:01:19.678+06:30 DEBUG 5812 --- [EduVerse] [restartedMain] d.backend.eduverse.EduverseApplication   : Running with Spring Boot v3.2.5, Spring v6.1.6
2024-05-11T21:01:19.679+06:30  INFO 5812 --- [EduVerse] [restartedMain] d.backend.eduverse.EduverseApplication   : The following 1 profile is active: "dev"
2024-05-11T21:01:20.742+06:30  INFO 5812 --- [EduVerse] [restartedMain] d.backend.eduverse.EduverseApplication   : Started EduverseApplication in 1.08 seconds (process running for 690.628)
2024-05-11T21:01:27.457+06:30  INFO 5812 --- [EduVerse] [restartedMain] d.backend.eduverse.EduverseApplication   : Starting EduverseApplication using Java 20.0.2 with PID 5812 (D:\GitHub\EduVerse\eduverse\target\classes started by Alvin in D:\GitHub\EduVerse\eduverse)
2024-05-11T21:01:27.457+06:30 DEBUG 5812 --- [EduVerse] [restartedMain] d.backend.eduverse.EduverseApplication   : Running with Spring Boot v3.2.5, Spring v6.1.6
2024-05-11T21:01:27.457+06:30  INFO 5812 --- [EduVerse] [restartedMain] d.backend.eduverse.EduverseApplication   : The following 1 profile is active: "dev"
2024-05-11T21:01:28.561+06:30  INFO 5812 --- [EduVerse] [restartedMain] d.backend.eduverse.EduverseApplication   : Started EduverseApplication in 1.12 seconds (process running for 698.447)
2024-05-11T21:01:34.251+06:30  INFO 5812 --- [EduVerse] [restartedMain] d.backend.eduverse.EduverseApplication   : Starting EduverseApplication using Java 20.0.2 with PID 5812 (D:\GitHub\EduVerse\eduverse\target\classes started by Alvin in D:\GitHub\EduVerse\eduverse)
2024-05-11T21:01:34.251+06:30 DEBUG 5812 --- [EduVerse] [restartedMain] d.backend.eduverse.EduverseApplication   : Running with Spring Boot v3.2.5, Spring v6.1.6
2024-05-11T21:01:34.252+06:30  INFO 5812 --- [EduVerse] [restartedMain] d.backend.eduverse.EduverseApplication   : The following 1 profile is active: "dev"
2024-05-11T21:01:35.360+06:30  INFO 5812 --- [EduVerse] [restartedMain] d.backend.eduverse.EduverseApplication   : Started EduverseApplication in 1.124 seconds (process running for 705.246)
2024-05-11T21:01:49.205+06:30  INFO 5812 --- [EduVerse] [restartedMain] d.backend.eduverse.EduverseApplication   : Starting EduverseApplication using Java 20.0.2 with PID 5812 (D:\GitHub\EduVerse\eduverse\target\classes started by Alvin in D:\GitHub\EduVerse\eduverse)
2024-05-11T21:01:49.206+06:30 DEBUG 5812 --- [EduVerse] [restartedMain] d.backend.eduverse.EduverseApplication   : Running with Spring Boot v3.2.5, Spring v6.1.6
2024-05-11T21:01:49.206+06:30  INFO 5812 --- [EduVerse] [restartedMain] d.backend.eduverse.EduverseApplication   : The following 1 profile is active: "dev"
2024-05-11T21:01:50.307+06:30  INFO 5812 --- [EduVerse] [restartedMain] d.backend.eduverse.EduverseApplication   : Started EduverseApplication in 1.121 seconds (process running for 720.194)
2024-05-11T21:01:56.065+06:30  INFO 5812 --- [EduVerse] [restartedMain] d.backend.eduverse.EduverseApplication   : Starting EduverseApplication using Java 20.0.2 with PID 5812 (D:\GitHub\EduVerse\eduverse\target\classes started by Alvin in D:\GitHub\EduVerse\eduverse)
2024-05-11T21:01:56.066+06:30 DEBUG 5812 --- [EduVerse] [restartedMain] d.backend.eduverse.EduverseApplication   : Running with Spring Boot v3.2.5, Spring v6.1.6
2024-05-11T21:01:56.066+06:30  INFO 5812 --- [EduVerse] [restartedMain] d.backend.eduverse.EduverseApplication   : The following 1 profile is active: "dev"
2024-05-11T21:01:57.023+06:30  INFO 5812 --- [EduVerse] [restartedMain] d.backend.eduverse.EduverseApplication   : Started EduverseApplication in 0.976 seconds (process running for 726.91)
2024-05-11T21:02:07.879+06:30  INFO 5812 --- [EduVerse] [restartedMain] d.backend.eduverse.EduverseApplication   : Starting EduverseApplication using Java 20.0.2 with PID 5812 (D:\GitHub\EduVerse\eduverse\target\classes started by Alvin in D:\GitHub\EduVerse\eduverse)
2024-05-11T21:02:07.879+06:30 DEBUG 5812 --- [EduVerse] [restartedMain] d.backend.eduverse.EduverseApplication   : Running with Spring Boot v3.2.5, Spring v6.1.6
2024-05-11T21:02:07.879+06:30  INFO 5812 --- [EduVerse] [restartedMain] d.backend.eduverse.EduverseApplication   : The following 1 profile is active: "dev"
2024-05-11T21:02:09.083+06:30  INFO 5812 --- [EduVerse] [restartedMain] d.backend.eduverse.EduverseApplication   : Started EduverseApplication in 1.221 seconds (process running for 738.969)
2024-05-11T21:02:14.810+06:30  INFO 5812 --- [EduVerse] [restartedMain] d.backend.eduverse.EduverseApplication   : Starting EduverseApplication using Java 20.0.2 with PID 5812 (D:\GitHub\EduVerse\eduverse\target\classes started by Alvin in D:\GitHub\EduVerse\eduverse)
2024-05-11T21:02:14.810+06:30 DEBUG 5812 --- [EduVerse] [restartedMain] d.backend.eduverse.EduverseApplication   : Running with Spring Boot v3.2.5, Spring v6.1.6
2024-05-11T21:02:14.810+06:30  INFO 5812 --- [EduVerse] [restartedMain] d.backend.eduverse.EduverseApplication   : The following 1 profile is active: "dev"
2024-05-11T21:02:15.819+06:30  INFO 5812 --- [EduVerse] [restartedMain] d.backend.eduverse.EduverseApplication   : Started EduverseApplication in 1.024 seconds (process running for 745.706)
2024-05-11T21:02:34.928+06:30  INFO 5812 --- [EduVerse] [restartedMain] d.backend.eduverse.EduverseApplication   : Starting EduverseApplication using Java 20.0.2 with PID 5812 (D:\GitHub\EduVerse\eduverse\target\classes started by Alvin in D:\GitHub\EduVerse\eduverse)
2024-05-11T21:02:34.928+06:30 DEBUG 5812 --- [EduVerse] [restartedMain] d.backend.eduverse.EduverseApplication   : Running with Spring Boot v3.2.5, Spring v6.1.6
2024-05-11T21:02:34.928+06:30  INFO 5812 --- [EduVerse] [restartedMain] d.backend.eduverse.EduverseApplication   : The following 1 profile is active: "dev"
2024-05-11T21:02:35.895+06:30  INFO 5812 --- [EduVerse] [restartedMain] d.backend.eduverse.EduverseApplication   : Started EduverseApplication in 0.979 seconds (process running for 765.782)
2024-05-11T21:02:44.714+06:30  INFO 5812 --- [EduVerse] [restartedMain] d.backend.eduverse.EduverseApplication   : Starting EduverseApplication using Java 20.0.2 with PID 5812 (D:\GitHub\EduVerse\eduverse\target\classes started by Alvin in D:\GitHub\EduVerse\eduverse)
2024-05-11T21:02:44.715+06:30 DEBUG 5812 --- [EduVerse] [restartedMain] d.backend.eduverse.EduverseApplication   : Running with Spring Boot v3.2.5, Spring v6.1.6
2024-05-11T21:02:44.715+06:30  INFO 5812 --- [EduVerse] [restartedMain] d.backend.eduverse.EduverseApplication   : The following 1 profile is active: "dev"
2024-05-11T21:02:45.779+06:30  INFO 5812 --- [EduVerse] [restartedMain] d.backend.eduverse.EduverseApplication   : Started EduverseApplication in 1.077 seconds (process running for 775.666)
2024-05-11T21:02:50.558+06:30  INFO 5812 --- [EduVerse] [restartedMain] d.backend.eduverse.EduverseApplication   : Starting EduverseApplication using Java 20.0.2 with PID 5812 (D:\GitHub\EduVerse\eduverse\target\classes started by Alvin in D:\GitHub\EduVerse\eduverse)
2024-05-11T21:02:50.558+06:30 DEBUG 5812 --- [EduVerse] [restartedMain] d.backend.eduverse.EduverseApplication   : Running with Spring Boot v3.2.5, Spring v6.1.6
2024-05-11T21:02:50.558+06:30  INFO 5812 --- [EduVerse] [restartedMain] d.backend.eduverse.EduverseApplication   : The following 1 profile is active: "dev"
2024-05-11T21:02:51.583+06:30  INFO 5812 --- [EduVerse] [restartedMain] d.backend.eduverse.EduverseApplication   : Started EduverseApplication in 1.041 seconds (process running for 781.47)
2024-05-11T21:04:26.123+06:30  INFO 5812 --- [EduVerse] [http-nio-8080-exec-6] d.b.e.service.impl.PathwayServiceImpl    : Entering the get all pathway process
2024-05-11T21:04:26.141+06:30  INFO 5812 --- [EduVerse] [http-nio-8080-exec-6] d.b.e.service.impl.PathwayServiceImpl    : Retrieved 0 pathways
2024-05-11T21:05:28.647+06:30  INFO 5812 --- [EduVerse] [http-nio-8080-exec-8] d.b.e.service.impl.PathwayServiceImpl    : Entering the creation process
2024-05-11T21:05:28.735+06:30  INFO 5812 --- [EduVerse] [http-nio-8080-exec-8] d.b.e.service.impl.PathwayServiceImpl    : Pathway created successfully
2024-05-11T21:06:46.071+06:30  INFO 5812 --- [EduVerse] [http-nio-8080-exec-10] d.b.e.service.impl.PathwayServiceImpl    : Entering the creation process
2024-05-11T21:06:46.095+06:30  INFO 5812 --- [EduVerse] [http-nio-8080-exec-10] d.b.e.service.impl.PathwayServiceImpl    : Pathway created successfully
2024-05-11T21:07:05.293+06:30  INFO 5812 --- [EduVerse] [http-nio-8080-exec-1] d.b.e.service.impl.PathwayServiceImpl    : Entering the get all pathway process
2024-05-11T21:07:05.310+06:30  INFO 5812 --- [EduVerse] [http-nio-8080-exec-1] d.b.e.service.impl.PathwayServiceImpl    : Retrieved 2 pathways
2024-05-11T21:07:19.921+06:30  INFO 5812 --- [EduVerse] [http-nio-8080-exec-2] d.b.e.service.impl.PathwayServiceImpl    : Deleting pathway with ID: 1
2024-05-11T21:07:19.975+06:30  INFO 5812 --- [EduVerse] [http-nio-8080-exec-2] d.b.e.service.impl.PathwayServiceImpl    : Pathway deleted successfully
2024-05-11T21:07:26.640+06:30  INFO 5812 --- [EduVerse] [http-nio-8080-exec-3] d.b.e.service.impl.PathwayServiceImpl    : Deleting pathway with ID: 3
2024-05-11T21:07:26.646+06:30  WARN 5812 --- [EduVerse] [http-nio-8080-exec-3] d.b.e.service.impl.PathwayServiceImpl    : Pathway not found with ID: 3
2024-05-11T21:07:30.893+06:30  INFO 5812 --- [EduVerse] [http-nio-8080-exec-4] d.b.e.service.impl.PathwayServiceImpl    : Deleting pathway with ID: 1
2024-05-11T21:07:30.900+06:30  WARN 5812 --- [EduVerse] [http-nio-8080-exec-4] d.b.e.service.impl.PathwayServiceImpl    : Pathway not found with ID: 1
2024-05-11T21:07:48.591+06:30  INFO 5812 --- [EduVerse] [http-nio-8080-exec-6] d.b.e.service.impl.AdminRoleServiceImpl  : Entering the get all ADMIN role process
2024-05-11T21:07:48.621+06:30  INFO 5812 --- [EduVerse] [http-nio-8080-exec-6] d.b.e.service.impl.AdminRoleServiceImpl  : Retrieved 1 ADMIN role list
2024-05-11T21:08:14.010+06:30  INFO 5812 --- [EduVerse] [http-nio-8080-exec-7] d.b.e.service.impl.AdminRoleServiceImpl  : Entering the creation process
2024-05-11T21:08:14.028+06:30  INFO 5812 --- [EduVerse] [http-nio-8080-exec-7] d.b.e.service.impl.AdminRoleServiceImpl  : AdminRole created successfully
2024-05-11T21:08:26.365+06:30  INFO 5812 --- [EduVerse] [http-nio-8080-exec-5] d.b.e.service.impl.AdminRoleServiceImpl  : Entering the creation process
2024-05-11T21:08:26.386+06:30  INFO 5812 --- [EduVerse] [http-nio-8080-exec-5] d.b.e.service.impl.AdminRoleServiceImpl  : AdminRole created successfully
2024-05-11T21:08:40.818+06:30  INFO 5812 --- [EduVerse] [http-nio-8080-exec-9] d.b.e.service.impl.AdminRoleServiceImpl  : Entering the get all ADMIN role process
2024-05-11T21:08:40.833+06:30  INFO 5812 --- [EduVerse] [http-nio-8080-exec-9] d.b.e.service.impl.AdminRoleServiceImpl  : Retrieved 3 ADMIN role list
2024-05-11T21:08:58.098+06:30  INFO 5812 --- [EduVerse] [http-nio-8080-exec-10] d.b.e.service.impl.AdminRoleServiceImpl  : Deleting adminRole with ID: 1
2024-05-11T21:08:58.142+06:30 ERROR 5812 --- [EduVerse] [http-nio-8080-exec-10] o.h.engine.jdbc.spi.SqlExceptionHelper   : Cannot delete or update a parent row: a foreign key constraint fails (`eduverse_db`.`admin`, CONSTRAINT `admin_ibfk_1` FOREIGN KEY (`role_id`) REFERENCES `admin_role` (`id`))
2024-05-11T21:08:58.161+06:30 ERROR 5812 --- [EduVerse] [http-nio-8080-exec-10] d.b.e.service.impl.AdminRoleServiceImpl  : Failed to delete ADMIN role with ID: 1

org.springframework.dao.DataIntegrityViolationException: could not execute statement [Cannot delete or update a parent row: a foreign key constraint fails (`eduverse_db`.`admin`, CONSTRAINT `admin_ibfk_1` FOREIGN KEY (`role_id`) REFERENCES `admin_role` (`id`))] [delete from admin_role where id=?]; SQL [delete from admin_role where id=?]; constraint [null]
	at org.springframework.orm.jpa.vendor.HibernateJpaDialect.convertHibernateAccessException(HibernateJpaDialect.java:290) ~[spring-orm-6.1.6.jar:6.1.6]
	at org.springframework.orm.jpa.vendor.HibernateJpaDialect.translateExceptionIfPossible(HibernateJpaDialect.java:241) ~[spring-orm-6.1.6.jar:6.1.6]
	at org.springframework.orm.jpa.JpaTransactionManager.doCommit(JpaTransactionManager.java:566) ~[spring-orm-6.1.6.jar:6.1.6]
	at org.springframework.transaction.support.AbstractPlatformTransactionManager.processCommit(AbstractPlatformTransactionManager.java:794) ~[spring-tx-6.1.6.jar:6.1.6]
	at org.springframework.transaction.support.AbstractPlatformTransactionManager.commit(AbstractPlatformTransactionManager.java:757) ~[spring-tx-6.1.6.jar:6.1.6]
	at org.springframework.transaction.interceptor.TransactionAspectSupport.commitTransactionAfterReturning(TransactionAspectSupport.java:676) ~[spring-tx-6.1.6.jar:6.1.6]
	at org.springframework.transaction.interceptor.TransactionAspectSupport.invokeWithinTransaction(TransactionAspectSupport.java:426) ~[spring-tx-6.1.6.jar:6.1.6]
	at org.springframework.transaction.interceptor.TransactionInterceptor.invoke(TransactionInterceptor.java:119) ~[spring-tx-6.1.6.jar:6.1.6]
	at org.springframework.aop.framework.ReflectiveMethodInvocation.proceed(ReflectiveMethodInvocation.java:184) ~[spring-aop-6.1.6.jar:6.1.6]
	at org.springframework.dao.support.PersistenceExceptionTranslationInterceptor.invoke(PersistenceExceptionTranslationInterceptor.java:137) ~[spring-tx-6.1.6.jar:6.1.6]
	at org.springframework.aop.framework.ReflectiveMethodInvocation.proceed(ReflectiveMethodInvocation.java:184) ~[spring-aop-6.1.6.jar:6.1.6]
	at org.springframework.data.jpa.repository.support.CrudMethodMetadataPostProcessor$CrudMethodMetadataPopulatingMethodInterceptor.invoke(CrudMethodMetadataPostProcessor.java:164) ~[spring-data-jpa-3.2.5.jar:3.2.5]
	at org.springframework.aop.framework.ReflectiveMethodInvocation.proceed(ReflectiveMethodInvocation.java:184) ~[spring-aop-6.1.6.jar:6.1.6]
	at org.springframework.aop.interceptor.ExposeInvocationInterceptor.invoke(ExposeInvocationInterceptor.java:97) ~[spring-aop-6.1.6.jar:6.1.6]
	at org.springframework.aop.framework.ReflectiveMethodInvocation.proceed(ReflectiveMethodInvocation.java:184) ~[spring-aop-6.1.6.jar:6.1.6]
	at org.springframework.aop.framework.JdkDynamicAopProxy.invoke(JdkDynamicAopProxy.java:223) ~[spring-aop-6.1.6.jar:6.1.6]
	at jdk.proxy26/jdk.proxy26.$Proxy410.deleteById(Unknown Source) ~[na:na]
	at dev.backend.eduverse.service.impl.AdminRoleServiceImpl.deleteAdminRole(AdminRoleServiceImpl.java:110) ~[classes/:na]
	at dev.backend.eduverse.controller.AdminRoleController.deleteAdminRole(AdminRoleController.java:110) ~[classes/:na]
	at java.base/jdk.internal.reflect.DirectMethodHandleAccessor.invoke(DirectMethodHandleAccessor.java:104) ~[na:na]
	at java.base/java.lang.reflect.Method.invoke(Method.java:578) ~[na:na]
	at org.springframework.web.method.support.InvocableHandlerMethod.doInvoke(InvocableHandlerMethod.java:255) ~[spring-web-6.1.6.jar:6.1.6]
	at org.springframework.web.method.support.InvocableHandlerMethod.invokeForRequest(InvocableHandlerMethod.java:188) ~[spring-web-6.1.6.jar:6.1.6]
	at org.springframework.web.servlet.mvc.method.annotation.ServletInvocableHandlerMethod.invokeAndHandle(ServletInvocableHandlerMethod.java:118) ~[spring-webmvc-6.1.6.jar:6.1.6]
	at org.springframework.web.servlet.mvc.method.annotation.RequestMappingHandlerAdapter.invokeHandlerMethod(RequestMappingHandlerAdapter.java:926) ~[spring-webmvc-6.1.6.jar:6.1.6]
	at org.springframework.web.servlet.mvc.method.annotation.RequestMappingHandlerAdapter.handleInternal(RequestMappingHandlerAdapter.java:831) ~[spring-webmvc-6.1.6.jar:6.1.6]
	at org.springframework.web.servlet.mvc.method.AbstractHandlerMethodAdapter.handle(AbstractHandlerMethodAdapter.java:87) ~[spring-webmvc-6.1.6.jar:6.1.6]
	at org.springframework.web.servlet.DispatcherServlet.doDispatch(DispatcherServlet.java:1089) ~[spring-webmvc-6.1.6.jar:6.1.6]
	at org.springframework.web.servlet.DispatcherServlet.doService(DispatcherServlet.java:979) ~[spring-webmvc-6.1.6.jar:6.1.6]
	at org.springframework.web.servlet.FrameworkServlet.processRequest(FrameworkServlet.java:1014) ~[spring-webmvc-6.1.6.jar:6.1.6]
	at org.springframework.web.servlet.FrameworkServlet.doDelete(FrameworkServlet.java:936) ~[spring-webmvc-6.1.6.jar:6.1.6]
	at jakarta.servlet.http.HttpServlet.service(HttpServlet.java:596) ~[tomcat-embed-core-10.1.20.jar:6.0]
	at org.springframework.web.servlet.FrameworkServlet.service(FrameworkServlet.java:885) ~[spring-webmvc-6.1.6.jar:6.1.6]
	at jakarta.servlet.http.HttpServlet.service(HttpServlet.java:658) ~[tomcat-embed-core-10.1.20.jar:6.0]
	at org.apache.catalina.core.ApplicationFilterChain.internalDoFilter(ApplicationFilterChain.java:206) ~[tomcat-embed-core-10.1.20.jar:10.1.20]
	at org.apache.catalina.core.ApplicationFilterChain.doFilter(ApplicationFilterChain.java:150) ~[tomcat-embed-core-10.1.20.jar:10.1.20]
	at org.apache.tomcat.websocket.server.WsFilter.doFilter(WsFilter.java:51) ~[tomcat-embed-websocket-10.1.20.jar:10.1.20]
	at org.apache.catalina.core.ApplicationFilterChain.internalDoFilter(ApplicationFilterChain.java:175) ~[tomcat-embed-core-10.1.20.jar:10.1.20]
	at org.apache.catalina.core.ApplicationFilterChain.doFilter(ApplicationFilterChain.java:150) ~[tomcat-embed-core-10.1.20.jar:10.1.20]
	at org.springframework.web.filter.RequestContextFilter.doFilterInternal(RequestContextFilter.java:100) ~[spring-web-6.1.6.jar:6.1.6]
	at org.springframework.web.filter.OncePerRequestFilter.doFilter(OncePerRequestFilter.java:116) ~[spring-web-6.1.6.jar:6.1.6]
	at org.apache.catalina.core.ApplicationFilterChain.internalDoFilter(ApplicationFilterChain.java:175) ~[tomcat-embed-core-10.1.20.jar:10.1.20]
	at org.apache.catalina.core.ApplicationFilterChain.doFilter(ApplicationFilterChain.java:150) ~[tomcat-embed-core-10.1.20.jar:10.1.20]
	at org.springframework.web.filter.FormContentFilter.doFilterInternal(FormContentFilter.java:93) ~[spring-web-6.1.6.jar:6.1.6]
	at org.springframework.web.filter.OncePerRequestFilter.doFilter(OncePerRequestFilter.java:116) ~[spring-web-6.1.6.jar:6.1.6]
	at org.apache.catalina.core.ApplicationFilterChain.internalDoFilter(ApplicationFilterChain.java:175) ~[tomcat-embed-core-10.1.20.jar:10.1.20]
	at org.apache.catalina.core.ApplicationFilterChain.doFilter(ApplicationFilterChain.java:150) ~[tomcat-embed-core-10.1.20.jar:10.1.20]
	at org.springframework.web.filter.ServerHttpObservationFilter.doFilterInternal(ServerHttpObservationFilter.java:109) ~[spring-web-6.1.6.jar:6.1.6]
	at org.springframework.web.filter.OncePerRequestFilter.doFilter(OncePerRequestFilter.java:116) ~[spring-web-6.1.6.jar:6.1.6]
	at org.apache.catalina.core.ApplicationFilterChain.internalDoFilter(ApplicationFilterChain.java:175) ~[tomcat-embed-core-10.1.20.jar:10.1.20]
	at org.apache.catalina.core.ApplicationFilterChain.doFilter(ApplicationFilterChain.java:150) ~[tomcat-embed-core-10.1.20.jar:10.1.20]
	at org.springframework.web.filter.CharacterEncodingFilter.doFilterInternal(CharacterEncodingFilter.java:201) ~[spring-web-6.1.6.jar:6.1.6]
	at org.springframework.web.filter.OncePerRequestFilter.doFilter(OncePerRequestFilter.java:116) ~[spring-web-6.1.6.jar:6.1.6]
	at org.apache.catalina.core.ApplicationFilterChain.internalDoFilter(ApplicationFilterChain.java:175) ~[tomcat-embed-core-10.1.20.jar:10.1.20]
	at org.apache.catalina.core.ApplicationFilterChain.doFilter(ApplicationFilterChain.java:150) ~[tomcat-embed-core-10.1.20.jar:10.1.20]
	at org.apache.catalina.core.StandardWrapperValve.invoke(StandardWrapperValve.java:167) ~[tomcat-embed-core-10.1.20.jar:10.1.20]
	at org.apache.catalina.core.StandardContextValve.invoke(StandardContextValve.java:90) ~[tomcat-embed-core-10.1.20.jar:10.1.20]
	at org.apache.catalina.authenticator.AuthenticatorBase.invoke(AuthenticatorBase.java:482) ~[tomcat-embed-core-10.1.20.jar:10.1.20]
	at org.apache.catalina.core.StandardHostValve.invoke(StandardHostValve.java:115) ~[tomcat-embed-core-10.1.20.jar:10.1.20]
	at org.apache.catalina.valves.ErrorReportValve.invoke(ErrorReportValve.java:93) ~[tomcat-embed-core-10.1.20.jar:10.1.20]
	at org.apache.catalina.core.StandardEngineValve.invoke(StandardEngineValve.java:74) ~[tomcat-embed-core-10.1.20.jar:10.1.20]
	at org.apache.catalina.connector.CoyoteAdapter.service(CoyoteAdapter.java:344) ~[tomcat-embed-core-10.1.20.jar:10.1.20]
	at org.apache.coyote.http11.Http11Processor.service(Http11Processor.java:391) ~[tomcat-embed-core-10.1.20.jar:10.1.20]
	at org.apache.coyote.AbstractProcessorLight.process(AbstractProcessorLight.java:63) ~[tomcat-embed-core-10.1.20.jar:10.1.20]
	at org.apache.coyote.AbstractProtocol$ConnectionHandler.process(AbstractProtocol.java:896) ~[tomcat-embed-core-10.1.20.jar:10.1.20]
	at org.apache.tomcat.util.net.NioEndpoint$SocketProcessor.doRun(NioEndpoint.java:1736) ~[tomcat-embed-core-10.1.20.jar:10.1.20]
	at org.apache.tomcat.util.net.SocketProcessorBase.run(SocketProcessorBase.java:52) ~[tomcat-embed-core-10.1.20.jar:10.1.20]
	at org.apache.tomcat.util.threads.ThreadPoolExecutor.runWorker(ThreadPoolExecutor.java:1191) ~[tomcat-embed-core-10.1.20.jar:10.1.20]
	at org.apache.tomcat.util.threads.ThreadPoolExecutor$Worker.run(ThreadPoolExecutor.java:659) ~[tomcat-embed-core-10.1.20.jar:10.1.20]
	at org.apache.tomcat.util.threads.TaskThread$WrappingRunnable.run(TaskThread.java:63) ~[tomcat-embed-core-10.1.20.jar:10.1.20]
	at java.base/java.lang.Thread.run(Thread.java:1623) ~[na:na]
Caused by: org.hibernate.exception.ConstraintViolationException: could not execute statement [Cannot delete or update a parent row: a foreign key constraint fails (`eduverse_db`.`admin`, CONSTRAINT `admin_ibfk_1` FOREIGN KEY (`role_id`) REFERENCES `admin_role` (`id`))] [delete from admin_role where id=?]
	at org.hibernate.exception.internal.SQLExceptionTypeDelegate.convert(SQLExceptionTypeDelegate.java:62) ~[hibernate-core-6.4.4.Final.jar:6.4.4.Final]
	at org.hibernate.exception.internal.StandardSQLExceptionConverter.convert(StandardSQLExceptionConverter.java:58) ~[hibernate-core-6.4.4.Final.jar:6.4.4.Final]
	at org.hibernate.engine.jdbc.spi.SqlExceptionHelper.convert(SqlExceptionHelper.java:108) ~[hibernate-core-6.4.4.Final.jar:6.4.4.Final]
	at org.hibernate.engine.jdbc.internal.ResultSetReturnImpl.executeUpdate(ResultSetReturnImpl.java:197) ~[hibernate-core-6.4.4.Final.jar:6.4.4.Final]
	at org.hibernate.engine.jdbc.mutation.internal.AbstractMutationExecutor.performNonBatchedMutation(AbstractMutationExecutor.java:108) ~[hibernate-core-6.4.4.Final.jar:6.4.4.Final]
	at org.hibernate.engine.jdbc.mutation.internal.MutationExecutorSingleNonBatched.performNonBatchedOperations(MutationExecutorSingleNonBatched.java:40) ~[hibernate-core-6.4.4.Final.jar:6.4.4.Final]
	at org.hibernate.engine.jdbc.mutation.internal.AbstractMutationExecutor.execute(AbstractMutationExecutor.java:52) ~[hibernate-core-6.4.4.Final.jar:6.4.4.Final]
	at org.hibernate.persister.entity.mutation.AbstractDeleteCoordinator.doStaticDelete(AbstractDeleteCoordinator.java:279) ~[hibernate-core-6.4.4.Final.jar:6.4.4.Final]
	at org.hibernate.persister.entity.mutation.AbstractDeleteCoordinator.coordinateDelete(AbstractDeleteCoordinator.java:87) ~[hibernate-core-6.4.4.Final.jar:6.4.4.Final]
	at org.hibernate.persister.entity.AbstractEntityPersister.delete(AbstractEntityPersister.java:2979) ~[hibernate-core-6.4.4.Final.jar:6.4.4.Final]
	at org.hibernate.action.internal.EntityDeleteAction.execute(EntityDeleteAction.java:131) ~[hibernate-core-6.4.4.Final.jar:6.4.4.Final]
	at org.hibernate.engine.spi.ActionQueue.executeActions(ActionQueue.java:632) ~[hibernate-core-6.4.4.Final.jar:6.4.4.Final]
	at org.hibernate.engine.spi.ActionQueue.executeActions(ActionQueue.java:499) ~[hibernate-core-6.4.4.Final.jar:6.4.4.Final]
	at org.hibernate.event.internal.AbstractFlushingEventListener.performExecutions(AbstractFlushingEventListener.java:363) ~[hibernate-core-6.4.4.Final.jar:6.4.4.Final]
	at org.hibernate.event.internal.DefaultFlushEventListener.onFlush(DefaultFlushEventListener.java:41) ~[hibernate-core-6.4.4.Final.jar:6.4.4.Final]
	at org.hibernate.event.service.internal.EventListenerGroupImpl.fireEventOnEachListener(EventListenerGroupImpl.java:127) ~[hibernate-core-6.4.4.Final.jar:6.4.4.Final]
	at org.hibernate.internal.SessionImpl.doFlush(SessionImpl.java:1403) ~[hibernate-core-6.4.4.Final.jar:6.4.4.Final]
	at org.hibernate.internal.SessionImpl.managedFlush(SessionImpl.java:484) ~[hibernate-core-6.4.4.Final.jar:6.4.4.Final]
	at org.hibernate.internal.SessionImpl.flushBeforeTransactionCompletion(SessionImpl.java:2319) ~[hibernate-core-6.4.4.Final.jar:6.4.4.Final]
	at org.hibernate.internal.SessionImpl.beforeTransactionCompletion(SessionImpl.java:1976) ~[hibernate-core-6.4.4.Final.jar:6.4.4.Final]
	at org.hibernate.engine.jdbc.internal.JdbcCoordinatorImpl.beforeTransactionCompletion(JdbcCoordinatorImpl.java:439) ~[hibernate-core-6.4.4.Final.jar:6.4.4.Final]
	at org.hibernate.resource.transaction.backend.jdbc.internal.JdbcResourceLocalTransactionCoordinatorImpl.beforeCompletionCallback(JdbcResourceLocalTransactionCoordinatorImpl.java:169) ~[hibernate-core-6.4.4.Final.jar:6.4.4.Final]
	at org.hibernate.resource.transaction.backend.jdbc.internal.JdbcResourceLocalTransactionCoordinatorImpl$TransactionDriverControlImpl.commit(JdbcResourceLocalTransactionCoordinatorImpl.java:267) ~[hibernate-core-6.4.4.Final.jar:6.4.4.Final]
	at org.hibernate.engine.transaction.internal.TransactionImpl.commit(TransactionImpl.java:101) ~[hibernate-core-6.4.4.Final.jar:6.4.4.Final]
	at org.springframework.orm.jpa.JpaTransactionManager.doCommit(JpaTransactionManager.java:562) ~[spring-orm-6.1.6.jar:6.1.6]
	... 68 common frames omitted
Caused by: java.sql.SQLIntegrityConstraintViolationException: Cannot delete or update a parent row: a foreign key constraint fails (`eduverse_db`.`admin`, CONSTRAINT `admin_ibfk_1` FOREIGN KEY (`role_id`) REFERENCES `admin_role` (`id`))
	at com.mysql.cj.jdbc.exceptions.SQLError.createSQLException(SQLError.java:118) ~[mysql-connector-j-8.3.0.jar:8.3.0]
	at com.mysql.cj.jdbc.exceptions.SQLExceptionsMapping.translateException(SQLExceptionsMapping.java:122) ~[mysql-connector-j-8.3.0.jar:8.3.0]
	at com.mysql.cj.jdbc.ClientPreparedStatement.executeInternal(ClientPreparedStatement.java:912) ~[mysql-connector-j-8.3.0.jar:8.3.0]
	at com.mysql.cj.jdbc.ClientPreparedStatement.executeUpdateInternal(ClientPreparedStatement.java:1054) ~[mysql-connector-j-8.3.0.jar:8.3.0]
	at com.mysql.cj.jdbc.ClientPreparedStatement.executeUpdateInternal(ClientPreparedStatement.java:1003) ~[mysql-connector-j-8.3.0.jar:8.3.0]
	at com.mysql.cj.jdbc.ClientPreparedStatement.executeLargeUpdate(ClientPreparedStatement.java:1312) ~[mysql-connector-j-8.3.0.jar:8.3.0]
	at com.mysql.cj.jdbc.ClientPreparedStatement.executeUpdate(ClientPreparedStatement.java:988) ~[mysql-connector-j-8.3.0.jar:8.3.0]
	at com.zaxxer.hikari.pool.ProxyPreparedStatement.executeUpdate(ProxyPreparedStatement.java:61) ~[HikariCP-5.0.1.jar:na]
	at com.zaxxer.hikari.pool.HikariProxyPreparedStatement.executeUpdate(HikariProxyPreparedStatement.java) ~[HikariCP-5.0.1.jar:na]
	at org.hibernate.engine.jdbc.internal.ResultSetReturnImpl.executeUpdate(ResultSetReturnImpl.java:194) ~[hibernate-core-6.4.4.Final.jar:6.4.4.Final]
	... 89 common frames omitted

2024-05-11T21:09:05.945+06:30  INFO 5812 --- [EduVerse] [http-nio-8080-exec-1] d.b.e.service.impl.AdminRoleServiceImpl  : Entering the get all ADMIN role process
2024-05-11T21:09:05.962+06:30  INFO 5812 --- [EduVerse] [http-nio-8080-exec-1] d.b.e.service.impl.AdminRoleServiceImpl  : Retrieved 3 ADMIN role list
2024-05-11T21:09:10.371+06:30  INFO 5812 --- [EduVerse] [http-nio-8080-exec-2] d.b.e.service.impl.AdminRoleServiceImpl  : Entering the get all ADMIN role process
2024-05-11T21:09:10.386+06:30  INFO 5812 --- [EduVerse] [http-nio-8080-exec-2] d.b.e.service.impl.AdminRoleServiceImpl  : Retrieved 3 ADMIN role list
2024-05-11T21:09:16.414+06:30  INFO 5812 --- [EduVerse] [http-nio-8080-exec-3] d.b.e.service.impl.AdminRoleServiceImpl  : Deleting adminRole with ID: 2
2024-05-11T21:09:16.478+06:30  INFO 5812 --- [EduVerse] [http-nio-8080-exec-3] d.b.e.service.impl.AdminRoleServiceImpl  : ADMIN rolenRole deleted successfully
2024-05-11T21:09:20.706+06:30  INFO 5812 --- [EduVerse] [http-nio-8080-exec-4] d.b.e.service.impl.AdminRoleServiceImpl  : Entering the get all ADMIN role process
2024-05-11T21:09:20.710+06:30  INFO 5812 --- [EduVerse] [http-nio-8080-exec-4] d.b.e.service.impl.AdminRoleServiceImpl  : Retrieved 2 ADMIN role list
2024-05-11T21:11:04.955+06:30  INFO 5812 --- [EduVerse] [http-nio-8080-exec-7] d.b.e.service.impl.CourseServiceImpl     : Entering the creation process
2024-05-11T21:11:04.956+06:30 ERROR 5812 --- [EduVerse] [http-nio-8080-exec-7] d.b.e.controller.CourseController        : Failed to create course

jakarta.persistence.EntityNotFoundException: Admin not found with ID: 3
	at dev.backend.eduverse.service.impl.CourseServiceImpl.lambda$0(CourseServiceImpl.java:52) ~[classes/:na]
	at java.base/java.util.Optional.orElseThrow(Optional.java:403) ~[na:na]
	at dev.backend.eduverse.service.impl.CourseServiceImpl.createCourse(CourseServiceImpl.java:52) ~[classes/:na]
	at dev.backend.eduverse.controller.CourseController.createCourse(CourseController.java:58) ~[classes/:na]
	at java.base/jdk.internal.reflect.DirectMethodHandleAccessor.invoke(DirectMethodHandleAccessor.java:104) ~[na:na]
	at java.base/java.lang.reflect.Method.invoke(Method.java:578) ~[na:na]
	at org.springframework.web.method.support.InvocableHandlerMethod.doInvoke(InvocableHandlerMethod.java:255) ~[spring-web-6.1.6.jar:6.1.6]
	at org.springframework.web.method.support.InvocableHandlerMethod.invokeForRequest(InvocableHandlerMethod.java:188) ~[spring-web-6.1.6.jar:6.1.6]
	at org.springframework.web.servlet.mvc.method.annotation.ServletInvocableHandlerMethod.invokeAndHandle(ServletInvocableHandlerMethod.java:118) ~[spring-webmvc-6.1.6.jar:6.1.6]
	at org.springframework.web.servlet.mvc.method.annotation.RequestMappingHandlerAdapter.invokeHandlerMethod(RequestMappingHandlerAdapter.java:926) ~[spring-webmvc-6.1.6.jar:6.1.6]
	at org.springframework.web.servlet.mvc.method.annotation.RequestMappingHandlerAdapter.handleInternal(RequestMappingHandlerAdapter.java:831) ~[spring-webmvc-6.1.6.jar:6.1.6]
	at org.springframework.web.servlet.mvc.method.AbstractHandlerMethodAdapter.handle(AbstractHandlerMethodAdapter.java:87) ~[spring-webmvc-6.1.6.jar:6.1.6]
	at org.springframework.web.servlet.DispatcherServlet.doDispatch(DispatcherServlet.java:1089) ~[spring-webmvc-6.1.6.jar:6.1.6]
	at org.springframework.web.servlet.DispatcherServlet.doService(DispatcherServlet.java:979) ~[spring-webmvc-6.1.6.jar:6.1.6]
	at org.springframework.web.servlet.FrameworkServlet.processRequest(FrameworkServlet.java:1014) ~[spring-webmvc-6.1.6.jar:6.1.6]
	at org.springframework.web.servlet.FrameworkServlet.doPost(FrameworkServlet.java:914) ~[spring-webmvc-6.1.6.jar:6.1.6]
	at jakarta.servlet.http.HttpServlet.service(HttpServlet.java:590) ~[tomcat-embed-core-10.1.20.jar:6.0]
	at org.springframework.web.servlet.FrameworkServlet.service(FrameworkServlet.java:885) ~[spring-webmvc-6.1.6.jar:6.1.6]
	at jakarta.servlet.http.HttpServlet.service(HttpServlet.java:658) ~[tomcat-embed-core-10.1.20.jar:6.0]
	at org.apache.catalina.core.ApplicationFilterChain.internalDoFilter(ApplicationFilterChain.java:206) ~[tomcat-embed-core-10.1.20.jar:10.1.20]
	at org.apache.catalina.core.ApplicationFilterChain.doFilter(ApplicationFilterChain.java:150) ~[tomcat-embed-core-10.1.20.jar:10.1.20]
	at org.apache.tomcat.websocket.server.WsFilter.doFilter(WsFilter.java:51) ~[tomcat-embed-websocket-10.1.20.jar:10.1.20]
	at org.apache.catalina.core.ApplicationFilterChain.internalDoFilter(ApplicationFilterChain.java:175) ~[tomcat-embed-core-10.1.20.jar:10.1.20]
	at org.apache.catalina.core.ApplicationFilterChain.doFilter(ApplicationFilterChain.java:150) ~[tomcat-embed-core-10.1.20.jar:10.1.20]
	at org.springframework.web.filter.RequestContextFilter.doFilterInternal(RequestContextFilter.java:100) ~[spring-web-6.1.6.jar:6.1.6]
	at org.springframework.web.filter.OncePerRequestFilter.doFilter(OncePerRequestFilter.java:116) ~[spring-web-6.1.6.jar:6.1.6]
	at org.apache.catalina.core.ApplicationFilterChain.internalDoFilter(ApplicationFilterChain.java:175) ~[tomcat-embed-core-10.1.20.jar:10.1.20]
	at org.apache.catalina.core.ApplicationFilterChain.doFilter(ApplicationFilterChain.java:150) ~[tomcat-embed-core-10.1.20.jar:10.1.20]
	at org.springframework.web.filter.FormContentFilter.doFilterInternal(FormContentFilter.java:93) ~[spring-web-6.1.6.jar:6.1.6]
	at org.springframework.web.filter.OncePerRequestFilter.doFilter(OncePerRequestFilter.java:116) ~[spring-web-6.1.6.jar:6.1.6]
	at org.apache.catalina.core.ApplicationFilterChain.internalDoFilter(ApplicationFilterChain.java:175) ~[tomcat-embed-core-10.1.20.jar:10.1.20]
	at org.apache.catalina.core.ApplicationFilterChain.doFilter(ApplicationFilterChain.java:150) ~[tomcat-embed-core-10.1.20.jar:10.1.20]
	at org.springframework.web.filter.ServerHttpObservationFilter.doFilterInternal(ServerHttpObservationFilter.java:109) ~[spring-web-6.1.6.jar:6.1.6]
	at org.springframework.web.filter.OncePerRequestFilter.doFilter(OncePerRequestFilter.java:116) ~[spring-web-6.1.6.jar:6.1.6]
	at org.apache.catalina.core.ApplicationFilterChain.internalDoFilter(ApplicationFilterChain.java:175) ~[tomcat-embed-core-10.1.20.jar:10.1.20]
	at org.apache.catalina.core.ApplicationFilterChain.doFilter(ApplicationFilterChain.java:150) ~[tomcat-embed-core-10.1.20.jar:10.1.20]
	at org.springframework.web.filter.CharacterEncodingFilter.doFilterInternal(CharacterEncodingFilter.java:201) ~[spring-web-6.1.6.jar:6.1.6]
	at org.springframework.web.filter.OncePerRequestFilter.doFilter(OncePerRequestFilter.java:116) ~[spring-web-6.1.6.jar:6.1.6]
	at org.apache.catalina.core.ApplicationFilterChain.internalDoFilter(ApplicationFilterChain.java:175) ~[tomcat-embed-core-10.1.20.jar:10.1.20]
	at org.apache.catalina.core.ApplicationFilterChain.doFilter(ApplicationFilterChain.java:150) ~[tomcat-embed-core-10.1.20.jar:10.1.20]
	at org.apache.catalina.core.StandardWrapperValve.invoke(StandardWrapperValve.java:167) ~[tomcat-embed-core-10.1.20.jar:10.1.20]
	at org.apache.catalina.core.StandardContextValve.invoke(StandardContextValve.java:90) ~[tomcat-embed-core-10.1.20.jar:10.1.20]
	at org.apache.catalina.authenticator.AuthenticatorBase.invoke(AuthenticatorBase.java:482) ~[tomcat-embed-core-10.1.20.jar:10.1.20]
	at org.apache.catalina.core.StandardHostValve.invoke(StandardHostValve.java:115) ~[tomcat-embed-core-10.1.20.jar:10.1.20]
	at org.apache.catalina.valves.ErrorReportValve.invoke(ErrorReportValve.java:93) ~[tomcat-embed-core-10.1.20.jar:10.1.20]
	at org.apache.catalina.core.StandardEngineValve.invoke(StandardEngineValve.java:74) ~[tomcat-embed-core-10.1.20.jar:10.1.20]
	at org.apache.catalina.connector.CoyoteAdapter.service(CoyoteAdapter.java:344) ~[tomcat-embed-core-10.1.20.jar:10.1.20]
	at org.apache.coyote.http11.Http11Processor.service(Http11Processor.java:391) ~[tomcat-embed-core-10.1.20.jar:10.1.20]
	at org.apache.coyote.AbstractProcessorLight.process(AbstractProcessorLight.java:63) ~[tomcat-embed-core-10.1.20.jar:10.1.20]
	at org.apache.coyote.AbstractProtocol$ConnectionHandler.process(AbstractProtocol.java:896) ~[tomcat-embed-core-10.1.20.jar:10.1.20]
	at org.apache.tomcat.util.net.NioEndpoint$SocketProcessor.doRun(NioEndpoint.java:1736) ~[tomcat-embed-core-10.1.20.jar:10.1.20]
	at org.apache.tomcat.util.net.SocketProcessorBase.run(SocketProcessorBase.java:52) ~[tomcat-embed-core-10.1.20.jar:10.1.20]
	at org.apache.tomcat.util.threads.ThreadPoolExecutor.runWorker(ThreadPoolExecutor.java:1191) ~[tomcat-embed-core-10.1.20.jar:10.1.20]
	at org.apache.tomcat.util.threads.ThreadPoolExecutor$Worker.run(ThreadPoolExecutor.java:659) ~[tomcat-embed-core-10.1.20.jar:10.1.20]
	at org.apache.tomcat.util.threads.TaskThread$WrappingRunnable.run(TaskThread.java:63) ~[tomcat-embed-core-10.1.20.jar:10.1.20]
	at java.base/java.lang.Thread.run(Thread.java:1623) ~[na:na]

2024-05-11T21:11:13.036+06:30  INFO 5812 --- [EduVerse] [http-nio-8080-exec-5] d.b.e.service.impl.CourseServiceImpl     : Entering the creation process
2024-05-11T21:11:13.122+06:30  INFO 5812 --- [EduVerse] [http-nio-8080-exec-5] d.b.e.service.impl.CourseServiceImpl     : Course created successfully
2024-05-11T21:11:45.686+06:30  INFO 5812 --- [EduVerse] [http-nio-8080-exec-8] d.b.e.service.impl.CourseServiceImpl     : Entering the get all course process
2024-05-11T21:11:45.704+06:30  INFO 5812 --- [EduVerse] [http-nio-8080-exec-8] d.b.e.service.impl.CourseServiceImpl     : Retrieved 1 courses
2024-05-11T21:11:50.487+06:30  INFO 5812 --- [EduVerse] [http-nio-8080-exec-9] d.b.e.service.impl.CourseServiceImpl     : Entering the get all course process
2024-05-11T21:11:50.494+06:30  INFO 5812 --- [EduVerse] [http-nio-8080-exec-9] d.b.e.service.impl.CourseServiceImpl     : Retrieved 1 courses
2024-05-11T21:13:15.198+06:30  INFO 5812 --- [EduVerse] [http-nio-8080-exec-3] d.b.e.service.impl.CourseServiceImpl     : Entering the creation process
2024-05-11T21:13:15.238+06:30  INFO 5812 --- [EduVerse] [http-nio-8080-exec-3] d.b.e.service.impl.CourseServiceImpl     : Course created successfully
2024-05-11T21:13:48.170+06:30  INFO 5812 --- [EduVerse] [http-nio-8080-exec-6] d.b.e.service.impl.CourseServiceImpl     : Entering the creation process
2024-05-11T21:13:48.212+06:30  INFO 5812 --- [EduVerse] [http-nio-8080-exec-6] d.b.e.service.impl.CourseServiceImpl     : Course created successfully
2024-05-11T21:13:56.087+06:30  INFO 5812 --- [EduVerse] [http-nio-8080-exec-5] d.b.e.service.impl.CourseServiceImpl     : Entering the get all course process
2024-05-11T21:13:56.095+06:30  INFO 5812 --- [EduVerse] [http-nio-8080-exec-5] d.b.e.service.impl.CourseServiceImpl     : Retrieved 2 courses
2024-05-11T21:14:01.903+06:30  INFO 5812 --- [EduVerse] [http-nio-8080-exec-8] d.b.e.service.impl.CourseServiceImpl     : Entering the get all course process
2024-05-11T21:14:01.921+06:30  INFO 5812 --- [EduVerse] [http-nio-8080-exec-8] d.b.e.service.impl.CourseServiceImpl     : Retrieved 2 courses
2024-05-11T21:14:33.565+06:30  INFO 5812 --- [EduVerse] [http-nio-8080-exec-9] d.b.e.service.impl.CourseServiceImpl     : Entering the creation process
2024-05-11T21:14:33.596+06:30  INFO 5812 --- [EduVerse] [http-nio-8080-exec-9] d.b.e.service.impl.CourseServiceImpl     : Course created successfully
2024-05-11T21:14:39.309+06:30  INFO 5812 --- [EduVerse] [http-nio-8080-exec-10] d.b.e.service.impl.CourseServiceImpl     : Entering the get all course process
2024-05-11T21:14:39.309+06:30  INFO 5812 --- [EduVerse] [http-nio-8080-exec-10] d.b.e.service.impl.CourseServiceImpl     : Retrieved 2 courses
2024-05-11T21:15:37.294+06:30  INFO 5812 --- [EduVerse] [http-nio-8080-exec-2] d.b.e.service.impl.CourseServiceImpl     : Entering the creation process
2024-05-11T21:15:37.318+06:30  INFO 5812 --- [EduVerse] [http-nio-8080-exec-2] d.b.e.service.impl.CourseServiceImpl     : Course created successfully
2024-05-11T21:15:45.862+06:30  INFO 5812 --- [EduVerse] [http-nio-8080-exec-4] d.b.e.service.impl.CourseServiceImpl     : Entering the get all course process
2024-05-11T21:15:45.949+06:30  INFO 5812 --- [EduVerse] [http-nio-8080-exec-4] d.b.e.service.impl.CourseServiceImpl     : Retrieved 2 courses
2024-05-11T21:16:33.188+06:30  INFO 5812 --- [EduVerse] [http-nio-8080-exec-5] d.b.e.service.impl.CourseServiceImpl     : Entering the creation process
2024-05-11T21:16:33.239+06:30  INFO 5812 --- [EduVerse] [http-nio-8080-exec-5] d.b.e.service.impl.CourseServiceImpl     : Course created successfully
2024-05-11T21:16:38.542+06:30  INFO 5812 --- [EduVerse] [http-nio-8080-exec-8] d.b.e.service.impl.CourseServiceImpl     : Entering the get all course process
2024-05-11T21:16:38.558+06:30  INFO 5812 --- [EduVerse] [http-nio-8080-exec-8] d.b.e.service.impl.CourseServiceImpl     : Retrieved 2 courses
2024-05-11T21:17:38.858+06:30  INFO 5812 --- [EduVerse] [http-nio-8080-exec-10] d.b.e.service.impl.CourseServiceImpl     : Deleting course with ID: 1
2024-05-11T21:17:38.905+06:30  INFO 5812 --- [EduVerse] [http-nio-8080-exec-10] d.b.e.service.impl.CourseServiceImpl     : Course deleted successfully
2024-05-11T23:30:05.154+06:30  INFO 12472 --- [EduVerse] [restartedMain] d.backend.eduverse.EduverseApplication   : Starting EduverseApplication using Java 17.0.1 with PID 12472 (C:\Users\DELL\Desktop\KZHEduverse\EduVerse\eduverse\target\classes started by DELL in C:\Users\DELL\Desktop\KZHEduverse\EduVerse\eduverse)
2024-05-11T23:30:05.158+06:30 DEBUG 12472 --- [EduVerse] [restartedMain] d.backend.eduverse.EduverseApplication   : Running with Spring Boot v3.2.5, Spring v6.1.6
2024-05-11T23:30:05.160+06:30  INFO 12472 --- [EduVerse] [restartedMain] d.backend.eduverse.EduverseApplication   : The following 1 profile is active: "dev"
2024-05-11T23:30:16.451+06:30  INFO 12472 --- [EduVerse] [restartedMain] d.backend.eduverse.EduverseApplication   : Started EduverseApplication in 12.108 seconds (process running for 13.817)
2024-05-11T23:35:48.113+06:30  INFO 2696 --- [EduVerse] [restartedMain] d.backend.eduverse.EduverseApplication   : Starting EduverseApplication using Java 17.0.1 with PID 2696 (C:\Users\DELL\Desktop\KZHEduverse\EduVerse\eduverse\target\classes started by DELL in C:\Users\DELL\Desktop\KZHEduverse\EduVerse\eduverse)
2024-05-11T23:35:48.125+06:30 DEBUG 2696 --- [EduVerse] [restartedMain] d.backend.eduverse.EduverseApplication   : Running with Spring Boot v3.2.5, Spring v6.1.6
2024-05-11T23:35:48.127+06:30  INFO 2696 --- [EduVerse] [restartedMain] d.backend.eduverse.EduverseApplication   : The following 1 profile is active: "dev"
2024-05-11T23:35:58.386+06:30  INFO 2696 --- [EduVerse] [restartedMain] d.backend.eduverse.EduverseApplication   : Started EduverseApplication in 11.073 seconds (process running for 12.591)
2024-05-11T23:45:43.109+06:30  INFO 8128 --- [EduVerse] [restartedMain] d.backend.eduverse.EduverseApplication   : Starting EduverseApplication using Java 17.0.1 with PID 8128 (C:\Users\DELL\Desktop\KZHEduverse\EduVerse\eduverse\target\classes started by DELL in C:\Users\DELL\Desktop\KZHEduverse\EduVerse\eduverse)
2024-05-11T23:45:43.112+06:30 DEBUG 8128 --- [EduVerse] [restartedMain] d.backend.eduverse.EduverseApplication   : Running with Spring Boot v3.2.5, Spring v6.1.6
2024-05-11T23:45:43.113+06:30  INFO 8128 --- [EduVerse] [restartedMain] d.backend.eduverse.EduverseApplication   : The following 1 profile is active: "dev"
2024-05-11T23:45:53.728+06:30  INFO 8128 --- [EduVerse] [restartedMain] d.backend.eduverse.EduverseApplication   : Started EduverseApplication in 11.339 seconds (process running for 13.034)
2024-05-11T23:46:02.558+06:30  INFO 15944 --- [EduVerse] [restartedMain] d.backend.eduverse.EduverseApplication   : Starting EduverseApplication using Java 17.0.1 with PID 15944 (C:\Users\DELL\Desktop\KZHEduverse\EduVerse\eduverse\target\classes started by DELL in C:\Users\DELL\Desktop\KZHEduverse\EduVerse\eduverse)
2024-05-11T23:46:02.560+06:30 DEBUG 15944 --- [EduVerse] [restartedMain] d.backend.eduverse.EduverseApplication   : Running with Spring Boot v3.2.5, Spring v6.1.6
2024-05-11T23:46:02.562+06:30  INFO 15944 --- [EduVerse] [restartedMain] d.backend.eduverse.EduverseApplication   : The following 1 profile is active: "dev"
2024-05-11T23:46:13.407+06:30  INFO 15944 --- [EduVerse] [restartedMain] d.backend.eduverse.EduverseApplication   : Started EduverseApplication in 11.548 seconds (process running for 12.757)
2024-05-11T23:51:28.745+06:30  INFO 1888 --- [EduVerse] [restartedMain] d.backend.eduverse.EduverseApplication   : Starting EduverseApplication using Java 17.0.1 with PID 1888 (C:\Users\DELL\Desktop\KZHEduverse\EduVerse\eduverse\target\classes started by DELL in C:\Users\DELL\Desktop\KZHEduverse\EduVerse\eduverse)
2024-05-11T23:51:28.748+06:30 DEBUG 1888 --- [EduVerse] [restartedMain] d.backend.eduverse.EduverseApplication   : Running with Spring Boot v3.2.5, Spring v6.1.6
2024-05-11T23:51:28.750+06:30  INFO 1888 --- [EduVerse] [restartedMain] d.backend.eduverse.EduverseApplication   : The following 1 profile is active: "dev"
2024-05-11T23:51:37.393+06:30  INFO 1888 --- [EduVerse] [restartedMain] d.backend.eduverse.EduverseApplication   : Started EduverseApplication in 9.35 seconds (process running for 10.564)
2024-05-11T23:54:09.433+06:30  INFO 8120 --- [EduVerse] [restartedMain] d.backend.eduverse.EduverseApplication   : Starting EduverseApplication using Java 17.0.1 with PID 8120 (C:\Users\DELL\Desktop\KZHEduverse\EduVerse\eduverse\target\classes started by DELL in C:\Users\DELL\Desktop\KZHEduverse\EduVerse\eduverse)
2024-05-11T23:54:09.436+06:30 DEBUG 8120 --- [EduVerse] [restartedMain] d.backend.eduverse.EduverseApplication   : Running with Spring Boot v3.2.5, Spring v6.1.6
2024-05-11T23:54:09.437+06:30  INFO 8120 --- [EduVerse] [restartedMain] d.backend.eduverse.EduverseApplication   : The following 1 profile is active: "dev"
2024-05-11T23:54:20.559+06:30  INFO 8120 --- [EduVerse] [restartedMain] d.backend.eduverse.EduverseApplication   : Started EduverseApplication in 11.811 seconds (process running for 12.98)
2024-05-11T23:56:06.962+06:30  INFO 7444 --- [EduVerse] [restartedMain] d.backend.eduverse.EduverseApplication   : Starting EduverseApplication using Java 17.0.1 with PID 7444 (C:\Users\DELL\Desktop\KZHEduverse\EduVerse\eduverse\target\classes started by DELL in C:\Users\DELL\Desktop\KZHEduverse\EduVerse\eduverse)
2024-05-11T23:56:06.965+06:30 DEBUG 7444 --- [EduVerse] [restartedMain] d.backend.eduverse.EduverseApplication   : Running with Spring Boot v3.2.5, Spring v6.1.6
2024-05-11T23:56:06.966+06:30  INFO 7444 --- [EduVerse] [restartedMain] d.backend.eduverse.EduverseApplication   : The following 1 profile is active: "dev"
2024-05-11T23:56:15.396+06:30  INFO 7444 --- [EduVerse] [restartedMain] d.backend.eduverse.EduverseApplication   : Started EduverseApplication in 9.123 seconds (process running for 10.272)
2024-05-11T23:58:04.468+06:30  INFO 15396 --- [EduVerse] [restartedMain] d.backend.eduverse.EduverseApplication   : Starting EduverseApplication using Java 17.0.1 with PID 15396 (C:\Users\DELL\Desktop\KZHEduverse\EduVerse\eduverse\target\classes started by DELL in C:\Users\DELL\Desktop\KZHEduverse\EduVerse\eduverse)
2024-05-11T23:58:04.471+06:30 DEBUG 15396 --- [EduVerse] [restartedMain] d.backend.eduverse.EduverseApplication   : Running with Spring Boot v3.2.5, Spring v6.1.6
2024-05-11T23:58:04.473+06:30  INFO 15396 --- [EduVerse] [restartedMain] d.backend.eduverse.EduverseApplication   : The following 1 profile is active: "dev"
2024-05-11T23:58:12.982+06:30  INFO 15396 --- [EduVerse] [restartedMain] d.backend.eduverse.EduverseApplication   : Started EduverseApplication in 9.212 seconds (process running for 10.346)
